ARM GAS  C:\Users\leander\AppData\Local\Temp\ccaYsfQA.s 			page 1


   1              		.cpu cortex-m0
   2              		.fpu softvfp
   3              		.eabi_attribute 20, 1
   4              		.eabi_attribute 21, 1
   5              		.eabi_attribute 23, 3
   6              		.eabi_attribute 24, 1
   7              		.eabi_attribute 25, 1
   8              		.eabi_attribute 26, 1
   9              		.eabi_attribute 30, 1
  10              		.eabi_attribute 34, 0
  11              		.eabi_attribute 18, 4
  12              		.code	16
  13              		.file	"Control_Reg_2.c"
  14              		.text
  15              	.Ltext0:
  16              		.cfi_sections	.debug_frame
  17              		.section	.text.Control_Reg_2_Write,"ax",%progbits
  18              		.align	2
  19              		.global	Control_Reg_2_Write
  20              		.code	16
  21              		.thumb_func
  22              		.type	Control_Reg_2_Write, %function
  23              	Control_Reg_2_Write:
  24              	.LFB0:
  25              		.file 1 ".\\Generated_Source\\PSoC4\\Control_Reg_2.c"
   1:.\Generated_Source\PSoC4/Control_Reg_2.c **** /*******************************************************************************
   2:.\Generated_Source\PSoC4/Control_Reg_2.c **** * File Name: Control_Reg_2.c  
   3:.\Generated_Source\PSoC4/Control_Reg_2.c **** * Version 1.80
   4:.\Generated_Source\PSoC4/Control_Reg_2.c **** *
   5:.\Generated_Source\PSoC4/Control_Reg_2.c **** * Description:
   6:.\Generated_Source\PSoC4/Control_Reg_2.c **** *  This file contains API to enable firmware control of a Control Register.
   7:.\Generated_Source\PSoC4/Control_Reg_2.c **** *
   8:.\Generated_Source\PSoC4/Control_Reg_2.c **** * Note:
   9:.\Generated_Source\PSoC4/Control_Reg_2.c **** *
  10:.\Generated_Source\PSoC4/Control_Reg_2.c **** ********************************************************************************
  11:.\Generated_Source\PSoC4/Control_Reg_2.c **** * Copyright 2008-2015, Cypress Semiconductor Corporation.  All rights reserved.
  12:.\Generated_Source\PSoC4/Control_Reg_2.c **** * You may use this file only in accordance with the license, terms, conditions, 
  13:.\Generated_Source\PSoC4/Control_Reg_2.c **** * disclaimers, and limitations in the end user license agreement accompanying 
  14:.\Generated_Source\PSoC4/Control_Reg_2.c **** * the software package with which this file was provided.
  15:.\Generated_Source\PSoC4/Control_Reg_2.c **** *******************************************************************************/
  16:.\Generated_Source\PSoC4/Control_Reg_2.c **** 
  17:.\Generated_Source\PSoC4/Control_Reg_2.c **** #include "Control_Reg_2.h"
  18:.\Generated_Source\PSoC4/Control_Reg_2.c **** 
  19:.\Generated_Source\PSoC4/Control_Reg_2.c **** /* Check for removal by optimization */
  20:.\Generated_Source\PSoC4/Control_Reg_2.c **** #if !defined(Control_Reg_2_Sync_ctrl_reg__REMOVED)
  21:.\Generated_Source\PSoC4/Control_Reg_2.c **** 
  22:.\Generated_Source\PSoC4/Control_Reg_2.c ****     
  23:.\Generated_Source\PSoC4/Control_Reg_2.c **** /*******************************************************************************
  24:.\Generated_Source\PSoC4/Control_Reg_2.c **** * Function Name: Control_Reg_2_Write
  25:.\Generated_Source\PSoC4/Control_Reg_2.c **** ********************************************************************************
  26:.\Generated_Source\PSoC4/Control_Reg_2.c **** *
  27:.\Generated_Source\PSoC4/Control_Reg_2.c **** * Summary:
  28:.\Generated_Source\PSoC4/Control_Reg_2.c **** *  Write a byte to the Control Register.
  29:.\Generated_Source\PSoC4/Control_Reg_2.c **** *
  30:.\Generated_Source\PSoC4/Control_Reg_2.c **** * Parameters:
  31:.\Generated_Source\PSoC4/Control_Reg_2.c **** *  control:  The value to be assigned to the Control Register.
  32:.\Generated_Source\PSoC4/Control_Reg_2.c **** *
ARM GAS  C:\Users\leander\AppData\Local\Temp\ccaYsfQA.s 			page 2


  33:.\Generated_Source\PSoC4/Control_Reg_2.c **** * Return:
  34:.\Generated_Source\PSoC4/Control_Reg_2.c **** *  None.
  35:.\Generated_Source\PSoC4/Control_Reg_2.c **** *
  36:.\Generated_Source\PSoC4/Control_Reg_2.c **** *******************************************************************************/
  37:.\Generated_Source\PSoC4/Control_Reg_2.c **** void Control_Reg_2_Write(uint8 control) 
  38:.\Generated_Source\PSoC4/Control_Reg_2.c **** {
  26              		.loc 1 38 0
  27              		.cfi_startproc
  28              	.LVL0:
  39:.\Generated_Source\PSoC4/Control_Reg_2.c ****     Control_Reg_2_Control = control;
  29              		.loc 1 39 0
  30 0000 014B     		ldr	r3, .L2
  31 0002 1870     		strb	r0, [r3]
  40:.\Generated_Source\PSoC4/Control_Reg_2.c **** }
  32              		.loc 1 40 0
  33              		@ sp needed
  34 0004 7047     		bx	lr
  35              	.L3:
  36 0006 C046     		.align	2
  37              	.L2:
  38 0008 73000F40 		.word	1074724979
  39              		.cfi_endproc
  40              	.LFE0:
  41              		.size	Control_Reg_2_Write, .-Control_Reg_2_Write
  42              		.section	.text.Control_Reg_2_Read,"ax",%progbits
  43              		.align	2
  44              		.global	Control_Reg_2_Read
  45              		.code	16
  46              		.thumb_func
  47              		.type	Control_Reg_2_Read, %function
  48              	Control_Reg_2_Read:
  49              	.LFB1:
  41:.\Generated_Source\PSoC4/Control_Reg_2.c **** 
  42:.\Generated_Source\PSoC4/Control_Reg_2.c **** 
  43:.\Generated_Source\PSoC4/Control_Reg_2.c **** /*******************************************************************************
  44:.\Generated_Source\PSoC4/Control_Reg_2.c **** * Function Name: Control_Reg_2_Read
  45:.\Generated_Source\PSoC4/Control_Reg_2.c **** ********************************************************************************
  46:.\Generated_Source\PSoC4/Control_Reg_2.c **** *
  47:.\Generated_Source\PSoC4/Control_Reg_2.c **** * Summary:
  48:.\Generated_Source\PSoC4/Control_Reg_2.c **** *  Reads the current value assigned to the Control Register.
  49:.\Generated_Source\PSoC4/Control_Reg_2.c **** *
  50:.\Generated_Source\PSoC4/Control_Reg_2.c **** * Parameters:
  51:.\Generated_Source\PSoC4/Control_Reg_2.c **** *  None.
  52:.\Generated_Source\PSoC4/Control_Reg_2.c **** *
  53:.\Generated_Source\PSoC4/Control_Reg_2.c **** * Return:
  54:.\Generated_Source\PSoC4/Control_Reg_2.c **** *  Returns the current value in the Control Register.
  55:.\Generated_Source\PSoC4/Control_Reg_2.c **** *
  56:.\Generated_Source\PSoC4/Control_Reg_2.c **** *******************************************************************************/
  57:.\Generated_Source\PSoC4/Control_Reg_2.c **** uint8 Control_Reg_2_Read(void) 
  58:.\Generated_Source\PSoC4/Control_Reg_2.c **** {
  50              		.loc 1 58 0
  51              		.cfi_startproc
  59:.\Generated_Source\PSoC4/Control_Reg_2.c ****     return Control_Reg_2_Control;
  52              		.loc 1 59 0
  53 0000 014B     		ldr	r3, .L5
  54 0002 1878     		ldrb	r0, [r3]
  55 0004 C0B2     		uxtb	r0, r0
ARM GAS  C:\Users\leander\AppData\Local\Temp\ccaYsfQA.s 			page 3


  60:.\Generated_Source\PSoC4/Control_Reg_2.c **** }
  56              		.loc 1 60 0
  57              		@ sp needed
  58 0006 7047     		bx	lr
  59              	.L6:
  60              		.align	2
  61              	.L5:
  62 0008 73000F40 		.word	1074724979
  63              		.cfi_endproc
  64              	.LFE1:
  65              		.size	Control_Reg_2_Read, .-Control_Reg_2_Read
  66              		.text
  67              	.Letext0:
  68              		.file 2 ".\\Generated_Source\\PSoC4\\cytypes.h"
  69              		.section	.debug_info,"",%progbits
  70              	.Ldebug_info0:
  71 0000 D1000000 		.4byte	0xd1
  72 0004 0400     		.2byte	0x4
  73 0006 00000000 		.4byte	.Ldebug_abbrev0
  74 000a 04       		.byte	0x4
  75 000b 01       		.uleb128 0x1
  76 000c E0000000 		.4byte	.LASF14
  77 0010 01       		.byte	0x1
  78 0011 B2000000 		.4byte	.LASF15
  79 0015 87010000 		.4byte	.LASF16
  80 0019 00000000 		.4byte	.Ldebug_ranges0+0
  81 001d 00000000 		.4byte	0
  82 0021 00000000 		.4byte	.Ldebug_line0
  83 0025 02       		.uleb128 0x2
  84 0026 01       		.byte	0x1
  85 0027 06       		.byte	0x6
  86 0028 06000000 		.4byte	.LASF0
  87 002c 02       		.uleb128 0x2
  88 002d 01       		.byte	0x1
  89 002e 08       		.byte	0x8
  90 002f 12000000 		.4byte	.LASF1
  91 0033 02       		.uleb128 0x2
  92 0034 02       		.byte	0x2
  93 0035 05       		.byte	0x5
  94 0036 6E010000 		.4byte	.LASF2
  95 003a 02       		.uleb128 0x2
  96 003b 02       		.byte	0x2
  97 003c 07       		.byte	0x7
  98 003d 37000000 		.4byte	.LASF3
  99 0041 02       		.uleb128 0x2
 100 0042 04       		.byte	0x4
 101 0043 05       		.byte	0x5
 102 0044 7E010000 		.4byte	.LASF4
 103 0048 02       		.uleb128 0x2
 104 0049 04       		.byte	0x4
 105 004a 07       		.byte	0x7
 106 004b 25000000 		.4byte	.LASF5
 107 004f 02       		.uleb128 0x2
 108 0050 08       		.byte	0x8
 109 0051 05       		.byte	0x5
 110 0052 A4000000 		.4byte	.LASF6
 111 0056 02       		.uleb128 0x2
ARM GAS  C:\Users\leander\AppData\Local\Temp\ccaYsfQA.s 			page 4


 112 0057 08       		.byte	0x8
 113 0058 07       		.byte	0x7
 114 0059 79000000 		.4byte	.LASF7
 115 005d 03       		.uleb128 0x3
 116 005e 04       		.byte	0x4
 117 005f 05       		.byte	0x5
 118 0060 696E7400 		.ascii	"int\000"
 119 0064 02       		.uleb128 0x2
 120 0065 04       		.byte	0x4
 121 0066 07       		.byte	0x7
 122 0067 6C000000 		.4byte	.LASF8
 123 006b 04       		.uleb128 0x4
 124 006c 78010000 		.4byte	.LASF12
 125 0070 02       		.byte	0x2
 126 0071 C2       		.byte	0xc2
 127 0072 2C000000 		.4byte	0x2c
 128 0076 02       		.uleb128 0x2
 129 0077 04       		.byte	0x4
 130 0078 04       		.byte	0x4
 131 0079 00000000 		.4byte	.LASF9
 132 007d 02       		.uleb128 0x2
 133 007e 08       		.byte	0x8
 134 007f 04       		.byte	0x4
 135 0080 52000000 		.4byte	.LASF10
 136 0084 02       		.uleb128 0x2
 137 0085 01       		.byte	0x1
 138 0086 08       		.byte	0x8
 139 0087 DB000000 		.4byte	.LASF11
 140 008b 05       		.uleb128 0x5
 141 008c 20000000 		.4byte	.LASF13
 142 0090 02       		.byte	0x2
 143 0091 6C01     		.2byte	0x16c
 144 0093 97000000 		.4byte	0x97
 145 0097 06       		.uleb128 0x6
 146 0098 6B000000 		.4byte	0x6b
 147 009c 07       		.uleb128 0x7
 148 009d 90000000 		.4byte	.LASF17
 149 00a1 01       		.byte	0x1
 150 00a2 25       		.byte	0x25
 151 00a3 00000000 		.4byte	.LFB0
 152 00a7 0C000000 		.4byte	.LFE0-.LFB0
 153 00ab 01       		.uleb128 0x1
 154 00ac 9C       		.byte	0x9c
 155 00ad BF000000 		.4byte	0xbf
 156 00b1 08       		.uleb128 0x8
 157 00b2 4A000000 		.4byte	.LASF18
 158 00b6 01       		.byte	0x1
 159 00b7 25       		.byte	0x25
 160 00b8 6B000000 		.4byte	0x6b
 161 00bc 01       		.uleb128 0x1
 162 00bd 50       		.byte	0x50
 163 00be 00       		.byte	0
 164 00bf 09       		.uleb128 0x9
 165 00c0 59000000 		.4byte	.LASF19
 166 00c4 01       		.byte	0x1
 167 00c5 39       		.byte	0x39
 168 00c6 6B000000 		.4byte	0x6b
ARM GAS  C:\Users\leander\AppData\Local\Temp\ccaYsfQA.s 			page 5


 169 00ca 00000000 		.4byte	.LFB1
 170 00ce 0C000000 		.4byte	.LFE1-.LFB1
 171 00d2 01       		.uleb128 0x1
 172 00d3 9C       		.byte	0x9c
 173 00d4 00       		.byte	0
 174              		.section	.debug_abbrev,"",%progbits
 175              	.Ldebug_abbrev0:
 176 0000 01       		.uleb128 0x1
 177 0001 11       		.uleb128 0x11
 178 0002 01       		.byte	0x1
 179 0003 25       		.uleb128 0x25
 180 0004 0E       		.uleb128 0xe
 181 0005 13       		.uleb128 0x13
 182 0006 0B       		.uleb128 0xb
 183 0007 03       		.uleb128 0x3
 184 0008 0E       		.uleb128 0xe
 185 0009 1B       		.uleb128 0x1b
 186 000a 0E       		.uleb128 0xe
 187 000b 55       		.uleb128 0x55
 188 000c 17       		.uleb128 0x17
 189 000d 11       		.uleb128 0x11
 190 000e 01       		.uleb128 0x1
 191 000f 10       		.uleb128 0x10
 192 0010 17       		.uleb128 0x17
 193 0011 00       		.byte	0
 194 0012 00       		.byte	0
 195 0013 02       		.uleb128 0x2
 196 0014 24       		.uleb128 0x24
 197 0015 00       		.byte	0
 198 0016 0B       		.uleb128 0xb
 199 0017 0B       		.uleb128 0xb
 200 0018 3E       		.uleb128 0x3e
 201 0019 0B       		.uleb128 0xb
 202 001a 03       		.uleb128 0x3
 203 001b 0E       		.uleb128 0xe
 204 001c 00       		.byte	0
 205 001d 00       		.byte	0
 206 001e 03       		.uleb128 0x3
 207 001f 24       		.uleb128 0x24
 208 0020 00       		.byte	0
 209 0021 0B       		.uleb128 0xb
 210 0022 0B       		.uleb128 0xb
 211 0023 3E       		.uleb128 0x3e
 212 0024 0B       		.uleb128 0xb
 213 0025 03       		.uleb128 0x3
 214 0026 08       		.uleb128 0x8
 215 0027 00       		.byte	0
 216 0028 00       		.byte	0
 217 0029 04       		.uleb128 0x4
 218 002a 16       		.uleb128 0x16
 219 002b 00       		.byte	0
 220 002c 03       		.uleb128 0x3
 221 002d 0E       		.uleb128 0xe
 222 002e 3A       		.uleb128 0x3a
 223 002f 0B       		.uleb128 0xb
 224 0030 3B       		.uleb128 0x3b
 225 0031 0B       		.uleb128 0xb
ARM GAS  C:\Users\leander\AppData\Local\Temp\ccaYsfQA.s 			page 6


 226 0032 49       		.uleb128 0x49
 227 0033 13       		.uleb128 0x13
 228 0034 00       		.byte	0
 229 0035 00       		.byte	0
 230 0036 05       		.uleb128 0x5
 231 0037 16       		.uleb128 0x16
 232 0038 00       		.byte	0
 233 0039 03       		.uleb128 0x3
 234 003a 0E       		.uleb128 0xe
 235 003b 3A       		.uleb128 0x3a
 236 003c 0B       		.uleb128 0xb
 237 003d 3B       		.uleb128 0x3b
 238 003e 05       		.uleb128 0x5
 239 003f 49       		.uleb128 0x49
 240 0040 13       		.uleb128 0x13
 241 0041 00       		.byte	0
 242 0042 00       		.byte	0
 243 0043 06       		.uleb128 0x6
 244 0044 35       		.uleb128 0x35
 245 0045 00       		.byte	0
 246 0046 49       		.uleb128 0x49
 247 0047 13       		.uleb128 0x13
 248 0048 00       		.byte	0
 249 0049 00       		.byte	0
 250 004a 07       		.uleb128 0x7
 251 004b 2E       		.uleb128 0x2e
 252 004c 01       		.byte	0x1
 253 004d 3F       		.uleb128 0x3f
 254 004e 19       		.uleb128 0x19
 255 004f 03       		.uleb128 0x3
 256 0050 0E       		.uleb128 0xe
 257 0051 3A       		.uleb128 0x3a
 258 0052 0B       		.uleb128 0xb
 259 0053 3B       		.uleb128 0x3b
 260 0054 0B       		.uleb128 0xb
 261 0055 27       		.uleb128 0x27
 262 0056 19       		.uleb128 0x19
 263 0057 11       		.uleb128 0x11
 264 0058 01       		.uleb128 0x1
 265 0059 12       		.uleb128 0x12
 266 005a 06       		.uleb128 0x6
 267 005b 40       		.uleb128 0x40
 268 005c 18       		.uleb128 0x18
 269 005d 9742     		.uleb128 0x2117
 270 005f 19       		.uleb128 0x19
 271 0060 01       		.uleb128 0x1
 272 0061 13       		.uleb128 0x13
 273 0062 00       		.byte	0
 274 0063 00       		.byte	0
 275 0064 08       		.uleb128 0x8
 276 0065 05       		.uleb128 0x5
 277 0066 00       		.byte	0
 278 0067 03       		.uleb128 0x3
 279 0068 0E       		.uleb128 0xe
 280 0069 3A       		.uleb128 0x3a
 281 006a 0B       		.uleb128 0xb
 282 006b 3B       		.uleb128 0x3b
ARM GAS  C:\Users\leander\AppData\Local\Temp\ccaYsfQA.s 			page 7


 283 006c 0B       		.uleb128 0xb
 284 006d 49       		.uleb128 0x49
 285 006e 13       		.uleb128 0x13
 286 006f 02       		.uleb128 0x2
 287 0070 18       		.uleb128 0x18
 288 0071 00       		.byte	0
 289 0072 00       		.byte	0
 290 0073 09       		.uleb128 0x9
 291 0074 2E       		.uleb128 0x2e
 292 0075 00       		.byte	0
 293 0076 3F       		.uleb128 0x3f
 294 0077 19       		.uleb128 0x19
 295 0078 03       		.uleb128 0x3
 296 0079 0E       		.uleb128 0xe
 297 007a 3A       		.uleb128 0x3a
 298 007b 0B       		.uleb128 0xb
 299 007c 3B       		.uleb128 0x3b
 300 007d 0B       		.uleb128 0xb
 301 007e 27       		.uleb128 0x27
 302 007f 19       		.uleb128 0x19
 303 0080 49       		.uleb128 0x49
 304 0081 13       		.uleb128 0x13
 305 0082 11       		.uleb128 0x11
 306 0083 01       		.uleb128 0x1
 307 0084 12       		.uleb128 0x12
 308 0085 06       		.uleb128 0x6
 309 0086 40       		.uleb128 0x40
 310 0087 18       		.uleb128 0x18
 311 0088 9742     		.uleb128 0x2117
 312 008a 19       		.uleb128 0x19
 313 008b 00       		.byte	0
 314 008c 00       		.byte	0
 315 008d 00       		.byte	0
 316              		.section	.debug_aranges,"",%progbits
 317 0000 24000000 		.4byte	0x24
 318 0004 0200     		.2byte	0x2
 319 0006 00000000 		.4byte	.Ldebug_info0
 320 000a 04       		.byte	0x4
 321 000b 00       		.byte	0
 322 000c 0000     		.2byte	0
 323 000e 0000     		.2byte	0
 324 0010 00000000 		.4byte	.LFB0
 325 0014 0C000000 		.4byte	.LFE0-.LFB0
 326 0018 00000000 		.4byte	.LFB1
 327 001c 0C000000 		.4byte	.LFE1-.LFB1
 328 0020 00000000 		.4byte	0
 329 0024 00000000 		.4byte	0
 330              		.section	.debug_ranges,"",%progbits
 331              	.Ldebug_ranges0:
 332 0000 00000000 		.4byte	.LFB0
 333 0004 0C000000 		.4byte	.LFE0
 334 0008 00000000 		.4byte	.LFB1
 335 000c 0C000000 		.4byte	.LFE1
 336 0010 00000000 		.4byte	0
 337 0014 00000000 		.4byte	0
 338              		.section	.debug_line,"",%progbits
 339              	.Ldebug_line0:
ARM GAS  C:\Users\leander\AppData\Local\Temp\ccaYsfQA.s 			page 8


 340 0000 74000000 		.section	.debug_str,"MS",%progbits,1
 340      02004C00 
 340      00000201 
 340      FB0E0D00 
 340      01010101 
 341              	.LASF9:
 342 0000 666C6F61 		.ascii	"float\000"
 342      7400
 343              	.LASF0:
 344 0006 7369676E 		.ascii	"signed char\000"
 344      65642063 
 344      68617200 
 345              	.LASF1:
 346 0012 756E7369 		.ascii	"unsigned char\000"
 346      676E6564 
 346      20636861 
 346      7200
 347              	.LASF13:
 348 0020 72656738 		.ascii	"reg8\000"
 348      00
 349              	.LASF5:
 350 0025 6C6F6E67 		.ascii	"long unsigned int\000"
 350      20756E73 
 350      69676E65 
 350      6420696E 
 350      7400
 351              	.LASF3:
 352 0037 73686F72 		.ascii	"short unsigned int\000"
 352      7420756E 
 352      7369676E 
 352      65642069 
 352      6E7400
 353              	.LASF18:
 354 004a 636F6E74 		.ascii	"control\000"
 354      726F6C00 
 355              	.LASF10:
 356 0052 646F7562 		.ascii	"double\000"
 356      6C6500
 357              	.LASF19:
 358 0059 436F6E74 		.ascii	"Control_Reg_2_Read\000"
 358      726F6C5F 
 358      5265675F 
 358      325F5265 
 358      616400
 359              	.LASF8:
 360 006c 756E7369 		.ascii	"unsigned int\000"
 360      676E6564 
 360      20696E74 
 360      00
 361              	.LASF7:
 362 0079 6C6F6E67 		.ascii	"long long unsigned int\000"
 362      206C6F6E 
 362      6720756E 
 362      7369676E 
 362      65642069 
 363              	.LASF17:
 364 0090 436F6E74 		.ascii	"Control_Reg_2_Write\000"
ARM GAS  C:\Users\leander\AppData\Local\Temp\ccaYsfQA.s 			page 9


 364      726F6C5F 
 364      5265675F 
 364      325F5772 
 364      69746500 
 365              	.LASF6:
 366 00a4 6C6F6E67 		.ascii	"long long int\000"
 366      206C6F6E 
 366      6720696E 
 366      7400
 367              	.LASF15:
 368 00b2 2E5C4765 		.ascii	".\\Generated_Source\\PSoC4\\Control_Reg_2.c\000"
 368      6E657261 
 368      7465645F 
 368      536F7572 
 368      63655C50 
 369              	.LASF11:
 370 00db 63686172 		.ascii	"char\000"
 370      00
 371              	.LASF14:
 372 00e0 474E5520 		.ascii	"GNU C 4.9.3 20150303 (release) [ARM/embedded-4_9-br"
 372      4320342E 
 372      392E3320 
 372      32303135 
 372      30333033 
 373 0113 616E6368 		.ascii	"anch revision 221220] -mcpu=cortex-m0 -mthumb -g -O"
 373      20726576 
 373      6973696F 
 373      6E203232 
 373      31323230 
 374 0146 67202D66 		.ascii	"g -ffunction-sections -ffat-lto-objects\000"
 374      66756E63 
 374      74696F6E 
 374      2D736563 
 374      74696F6E 
 375              	.LASF2:
 376 016e 73686F72 		.ascii	"short int\000"
 376      7420696E 
 376      7400
 377              	.LASF12:
 378 0178 75696E74 		.ascii	"uint8\000"
 378      3800
 379              	.LASF4:
 380 017e 6C6F6E67 		.ascii	"long int\000"
 380      20696E74 
 380      00
 381              	.LASF16:
 382 0187 433A5C55 		.ascii	"C:\\Users\\leander\\Documents\\PSoC Creator\\projec"
 382      73657273 
 382      5C6C6561 
 382      6E646572 
 382      5C446F63 
 383 01b5 74735F31 		.ascii	"ts_1\\motor_control.cydsn\000"
 383      5C6D6F74 
 383      6F725F63 
 383      6F6E7472 
 383      6F6C2E63 
 384              		.ident	"GCC: (GNU Tools for ARM Embedded Processors) 4.9.3 20150303 (release) [ARM/embedded-4_9-br
ARM GAS  C:\Users\leander\AppData\Local\Temp\ccaYsfQA.s 			page 10


