ARM GAS  C:\Users\leander\AppData\Local\Temp\ccMTAbde.s 			page 1


   1              		.cpu cortex-m0
   2              		.fpu softvfp
   3              		.eabi_attribute 20, 1
   4              		.eabi_attribute 21, 1
   5              		.eabi_attribute 23, 3
   6              		.eabi_attribute 24, 1
   7              		.eabi_attribute 25, 1
   8              		.eabi_attribute 26, 1
   9              		.eabi_attribute 30, 1
  10              		.eabi_attribute 34, 0
  11              		.eabi_attribute 18, 4
  12              		.code	16
  13              		.file	"main.c"
  14              		.text
  15              	.Ltext0:
  16              		.cfi_sections	.debug_frame
  17              		.section	.text.StackEventHandler,"ax",%progbits
  18              		.align	2
  19              		.global	StackEventHandler
  20              		.code	16
  21              		.thumb_func
  22              		.type	StackEventHandler, %function
  23              	StackEventHandler:
  24              	.LFB35:
  25              		.file 1 ".\\main.c"
   1:.\main.c      **** /*******************************************************************************
   2:.\main.c      **** * File Name: main.c
   3:.\main.c      **** *
   4:.\main.c      **** * Version: 2.00
   5:.\main.c      **** *
   6:.\main.c      **** * Description:
   7:.\main.c      **** *  This is source code for the datasheet example of the TCPWM (PWM 
   8:.\main.c      **** *  mode) component.
   9:.\main.c      **** *
  10:.\main.c      **** ********************************************************************************
  11:.\main.c      **** * Copyright 2013-2014, Cypress Semiconductor Corporation. All rights reserved.
  12:.\main.c      **** * This software is owned by Cypress Semiconductor Corporation and is protected
  13:.\main.c      **** * by and subject to worldwide patent and copyright laws and treaties.
  14:.\main.c      **** * Therefore, you may use this software only as provided in the license agreement
  15:.\main.c      **** * accompanying the software package from which you obtained this software.
  16:.\main.c      **** * CYPRESS AND ITS SUPPLIERS MAKE NO WARRANTY OF ANY KIND, EXPRESS OR IMPLIED,
  17:.\main.c      **** * WITH REGARD TO THIS SOFTWARE, INCLUDING, BUT NOT LIMITED TO, NONINFRINGEMENT,
  18:.\main.c      **** * IMPLIED WARRANTIES OF MERCHANTABILITY AND FITNESS FOR A PARTICULAR PURPOSE.
  19:.\main.c      **** *******************************************************************************/
  20:.\main.c      **** 
  21:.\main.c      **** #include <stdio.h>
  22:.\main.c      **** #include "control.h"
  23:.\main.c      **** #include "project.h"
  24:.\main.c      **** 
  25:.\main.c      **** 
  26:.\main.c      **** void StackEventHandler(uint32 event, void* eventParam) {
  26              		.loc 1 26 0
  27              		.cfi_startproc
  28              	.LVL0:
  29 0000 10B5     		push	{r4, lr}
  30              		.cfi_def_cfa_offset 8
  31              		.cfi_offset 4, -8
ARM GAS  C:\Users\leander\AppData\Local\Temp\ccMTAbde.s 			page 2


  32              		.cfi_offset 14, -4
  33 0002 0C1C     		mov	r4, r1
  27:.\main.c      ****     CYBLE_GATTS_WRITE_REQ_PARAM_T *wr_req_param;
  28:.\main.c      ****     
  29:.\main.c      ****     switch(event) {
  34              		.loc 1 29 0
  35 0004 2828     		cmp	r0, #40
  36 0006 14D0     		beq	.L3
  37 0008 4C28     		cmp	r0, #76
  38 000a 02D0     		beq	.L4
  39 000c 0128     		cmp	r0, #1
  40 000e 13D1     		bne	.L1
  41 0010 0FE0     		b	.L3
  42              	.L4:
  43              	.LVL1:
  30:.\main.c      ****         // Handle requests to write to the GATT server
  31:.\main.c      ****         
  32:.\main.c      ****         case CYBLE_EVT_GATTS_WRITE_REQ: 
  33:.\main.c      ****             wr_req_param = (CYBLE_GATTS_WRITE_REQ_PARAM_T *)eventParam;
  34:.\main.c      ****                   
  35:.\main.c      ****             // write to gatt database
  36:.\main.c      ****             CyBle_GattsWriteAttributeValue(&(wr_req_param->handleValPair),
  44              		.loc 1 36 0
  45 0012 081D     		add	r0, r1, #4
  46              	.LVL2:
  47 0014 0021     		mov	r1, #0
  48              	.LVL3:
  49 0016 221C     		mov	r2, r4
  50 0018 0023     		mov	r3, #0
  51 001a FFF7FEFF 		bl	CyBle_GattsWriteAttributeValue
  52              	.LVL4:
  37:.\main.c      ****                 0, &(wr_req_param->connHandle), 0);
  38:.\main.c      ****             // update the controls
  39:.\main.c      ****             if (wr_req_param->handleValPair.attrHandle == CYBLE_NAVIGATION_NAVIGATION_CHAR_HANDLE) 
  53              		.loc 1 39 0
  54 001e A389     		ldrh	r3, [r4, #12]
  55 0020 0E2B     		cmp	r3, #14
  56 0022 02D1     		bne	.L5
  40:.\main.c      ****                 control_update(wr_req_param->handleValPair.value.val);
  57              		.loc 1 40 0
  58 0024 6068     		ldr	r0, [r4, #4]
  59 0026 FFF7FEFF 		bl	control_update
  60              	.LVL5:
  61              	.L5:
  41:.\main.c      ****             }
  42:.\main.c      ****             // send success notification
  43:.\main.c      ****             CyBle_GattsWriteRsp(wr_req_param->connHandle);
  62              		.loc 1 43 0
  63 002a 2068     		ldr	r0, [r4]
  64 002c FFF7FEFF 		bl	CyBle_GattsWriteRsp
  65              	.LVL6:
  44:.\main.c      ****             break;
  66              		.loc 1 44 0
  67 0030 02E0     		b	.L1
  68              	.LVL7:
  69              	.L3:
  45:.\main.c      ****             
ARM GAS  C:\Users\leander\AppData\Local\Temp\ccMTAbde.s 			page 3


  46:.\main.c      ****         case CYBLE_EVT_STACK_ON:
  47:.\main.c      ****         case CYBLE_EVT_GAP_DEVICE_DISCONNECTED:
  48:.\main.c      ****             /* Start the BLE fast advertisement. */
  49:.\main.c      ****             CyBle_GappStartAdvertisement(CYBLE_ADVERTISING_FAST);
  70              		.loc 1 49 0
  71 0032 0020     		mov	r0, #0
  72              	.LVL8:
  73 0034 FFF7FEFF 		bl	CyBle_GappStartAdvertisement
  74              	.LVL9:
  75              	.L1:
  50:.\main.c      ****             break;
  51:.\main.c      ****     }
  52:.\main.c      **** }
  76              		.loc 1 52 0
  77              		@ sp needed
  78              	.LVL10:
  79 0038 10BD     		pop	{r4, pc}
  80              		.cfi_endproc
  81              	.LFE35:
  82              		.size	StackEventHandler, .-StackEventHandler
  83 003a C046     		.section	.text.main,"ax",%progbits
  84              		.align	2
  85              		.global	main
  86              		.code	16
  87              		.thumb_func
  88              		.type	main, %function
  89              	main:
  90              	.LFB36:
  53:.\main.c      **** 
  54:.\main.c      **** 
  55:.\main.c      **** int main()
  56:.\main.c      **** {   
  91              		.loc 1 56 0
  92              		.cfi_startproc
  93 0000 08B5     		push	{r3, lr}
  94              		.cfi_def_cfa_offset 8
  95              		.cfi_offset 3, -8
  96              		.cfi_offset 14, -4
  57:.\main.c      ****     // Enable global interrupts (required for pwm and ble)
  58:.\main.c      ****     CyGlobalIntEnable; 
  97              		.loc 1 58 0
  98              	@ 58 ".\main.c" 1
  99 0002 62B6     		CPSIE   i
 100              	@ 0 "" 2
  59:.\main.c      ****     
  60:.\main.c      ****     // Start the BLE component and register StackEventHandler function
  61:.\main.c      ****     CyBle_Start(StackEventHandler);    
 101              		.loc 1 61 0
 102              		.code	16
 103 0004 0348     		ldr	r0, .L8
 104 0006 FFF7FEFF 		bl	CyBle_Start
 105              	.LVL11:
  62:.\main.c      **** 
  63:.\main.c      ****     // Initialize motor control
  64:.\main.c      ****     control_init();
 106              		.loc 1 64 0
 107 000a FFF7FEFF 		bl	control_init
ARM GAS  C:\Users\leander\AppData\Local\Temp\ccMTAbde.s 			page 4


 108              	.LVL12:
 109              	.L7:
  65:.\main.c      ****     
  66:.\main.c      ****     // Handle ble events
  67:.\main.c      ****     while(1) {CyBle_ProcessEvents();}
 110              		.loc 1 67 0 discriminator 1
 111 000e FFF7FEFF 		bl	CyBle_ProcessEvents
 112              	.LVL13:
 113 0012 FCE7     		b	.L7
 114              	.L9:
 115              		.align	2
 116              	.L8:
 117 0014 00000000 		.word	StackEventHandler
 118              		.cfi_endproc
 119              	.LFE36:
 120              		.size	main, .-main
 121              		.text
 122              	.Letext0:
 123              		.file 2 "Generated_Source\\PSoC4/cytypes.h"
 124              		.file 3 "Generated_Source\\PSoC4/BLE_1_Stack.h"
 125              		.file 4 "Generated_Source\\PSoC4/BLE_1_StackGatt.h"
 126              		.file 5 "Generated_Source\\PSoC4/BLE_1_StackGattServer.h"
 127              		.file 6 "Generated_Source\\PSoC4/BLE_1.h"
 128              		.file 7 "Generated_Source\\PSoC4/BLE_1_StackGattDb.h"
 129              		.file 8 ".\\control.h"
 130              		.section	.debug_info,"",%progbits
 131              	.Ldebug_info0:
 132 0000 55060000 		.4byte	0x655
 133 0004 0400     		.2byte	0x4
 134 0006 00000000 		.4byte	.Ldebug_abbrev0
 135 000a 04       		.byte	0x4
 136 000b 01       		.uleb128 0x1
 137 000c 720C0000 		.4byte	.LASF160
 138 0010 01       		.byte	0x1
 139 0011 3D0A0000 		.4byte	.LASF161
 140 0015 AE0D0000 		.4byte	.LASF162
 141 0019 00000000 		.4byte	.Ldebug_ranges0+0
 142 001d 00000000 		.4byte	0
 143 0021 00000000 		.4byte	.Ldebug_line0
 144 0025 02       		.uleb128 0x2
 145 0026 01       		.byte	0x1
 146 0027 06       		.byte	0x6
 147 0028 32030000 		.4byte	.LASF0
 148 002c 02       		.uleb128 0x2
 149 002d 01       		.byte	0x1
 150 002e 08       		.byte	0x8
 151 002f 140C0000 		.4byte	.LASF1
 152 0033 02       		.uleb128 0x2
 153 0034 02       		.byte	0x2
 154 0035 05       		.byte	0x5
 155 0036 000D0000 		.4byte	.LASF2
 156 003a 02       		.uleb128 0x2
 157 003b 02       		.byte	0x2
 158 003c 07       		.byte	0x7
 159 003d EB0F0000 		.4byte	.LASF3
 160 0041 02       		.uleb128 0x2
 161 0042 04       		.byte	0x4
ARM GAS  C:\Users\leander\AppData\Local\Temp\ccMTAbde.s 			page 5


 162 0043 05       		.byte	0x5
 163 0044 C8010000 		.4byte	.LASF4
 164 0048 02       		.uleb128 0x2
 165 0049 04       		.byte	0x4
 166 004a 07       		.byte	0x7
 167 004b E1060000 		.4byte	.LASF5
 168 004f 02       		.uleb128 0x2
 169 0050 08       		.byte	0x8
 170 0051 05       		.byte	0x5
 171 0052 24030000 		.4byte	.LASF6
 172 0056 02       		.uleb128 0x2
 173 0057 08       		.byte	0x8
 174 0058 07       		.byte	0x7
 175 0059 CB050000 		.4byte	.LASF7
 176 005d 03       		.uleb128 0x3
 177 005e 04       		.byte	0x4
 178 005f 05       		.byte	0x5
 179 0060 696E7400 		.ascii	"int\000"
 180 0064 02       		.uleb128 0x2
 181 0065 04       		.byte	0x4
 182 0066 07       		.byte	0x7
 183 0067 B90E0000 		.4byte	.LASF8
 184 006b 04       		.uleb128 0x4
 185 006c 04       		.byte	0x4
 186 006d 02       		.uleb128 0x2
 187 006e 04       		.byte	0x4
 188 006f 07       		.byte	0x7
 189 0070 BD090000 		.4byte	.LASF9
 190 0074 02       		.uleb128 0x2
 191 0075 01       		.byte	0x1
 192 0076 08       		.byte	0x8
 193 0077 720E0000 		.4byte	.LASF10
 194 007b 05       		.uleb128 0x5
 195 007c 68040000 		.4byte	.LASF11
 196 0080 02       		.byte	0x2
 197 0081 C2       		.byte	0xc2
 198 0082 2C000000 		.4byte	0x2c
 199 0086 05       		.uleb128 0x5
 200 0087 3F000000 		.4byte	.LASF12
 201 008b 02       		.byte	0x2
 202 008c C3       		.byte	0xc3
 203 008d 3A000000 		.4byte	0x3a
 204 0091 05       		.uleb128 0x5
 205 0092 F9040000 		.4byte	.LASF13
 206 0096 02       		.byte	0x2
 207 0097 C4       		.byte	0xc4
 208 0098 48000000 		.4byte	0x48
 209 009c 02       		.uleb128 0x2
 210 009d 04       		.byte	0x4
 211 009e 04       		.byte	0x4
 212 009f 460B0000 		.4byte	.LASF14
 213 00a3 02       		.uleb128 0x2
 214 00a4 08       		.byte	0x8
 215 00a5 04       		.byte	0x4
 216 00a6 8D040000 		.4byte	.LASF15
 217 00aa 06       		.uleb128 0x6
 218 00ab 01       		.byte	0x1
ARM GAS  C:\Users\leander\AppData\Local\Temp\ccMTAbde.s 			page 6


 219 00ac 03       		.byte	0x3
 220 00ad A4       		.byte	0xa4
 221 00ae 2F020000 		.4byte	0x22f
 222 00b2 07       		.uleb128 0x7
 223 00b3 BE070000 		.4byte	.LASF16
 224 00b7 00       		.sleb128 0
 225 00b8 07       		.uleb128 0x7
 226 00b9 3E030000 		.4byte	.LASF17
 227 00bd 01       		.sleb128 1
 228 00be 07       		.uleb128 0x7
 229 00bf B6010000 		.4byte	.LASF18
 230 00c3 02       		.sleb128 2
 231 00c4 07       		.uleb128 0x7
 232 00c5 D20F0000 		.4byte	.LASF19
 233 00c9 03       		.sleb128 3
 234 00ca 07       		.uleb128 0x7
 235 00cb 09020000 		.4byte	.LASF20
 236 00cf 04       		.sleb128 4
 237 00d0 07       		.uleb128 0x7
 238 00d1 23000000 		.4byte	.LASF21
 239 00d5 05       		.sleb128 5
 240 00d6 07       		.uleb128 0x7
 241 00d7 36090000 		.4byte	.LASF22
 242 00db 20       		.sleb128 32
 243 00dc 07       		.uleb128 0x7
 244 00dd 9A030000 		.4byte	.LASF23
 245 00e1 21       		.sleb128 33
 246 00e2 07       		.uleb128 0x7
 247 00e3 17080000 		.4byte	.LASF24
 248 00e7 22       		.sleb128 34
 249 00e8 07       		.uleb128 0x7
 250 00e9 9C080000 		.4byte	.LASF25
 251 00ed 23       		.sleb128 35
 252 00ee 07       		.uleb128 0x7
 253 00ef 530A0000 		.4byte	.LASF26
 254 00f3 24       		.sleb128 36
 255 00f4 07       		.uleb128 0x7
 256 00f5 090A0000 		.4byte	.LASF27
 257 00f9 25       		.sleb128 37
 258 00fa 07       		.uleb128 0x7
 259 00fb 1D040000 		.4byte	.LASF28
 260 00ff 26       		.sleb128 38
 261 0100 07       		.uleb128 0x7
 262 0101 3B080000 		.4byte	.LASF29
 263 0105 27       		.sleb128 39
 264 0106 07       		.uleb128 0x7
 265 0107 970E0000 		.4byte	.LASF30
 266 010b 28       		.sleb128 40
 267 010c 07       		.uleb128 0x7
 268 010d 93020000 		.4byte	.LASF31
 269 0111 29       		.sleb128 41
 270 0112 07       		.uleb128 0x7
 271 0113 15010000 		.4byte	.LASF32
 272 0117 2A       		.sleb128 42
 273 0118 07       		.uleb128 0x7
 274 0119 3F020000 		.4byte	.LASF33
 275 011d 2B       		.sleb128 43
ARM GAS  C:\Users\leander\AppData\Local\Temp\ccMTAbde.s 			page 7


 276 011e 07       		.uleb128 0x7
 277 011f E2110000 		.4byte	.LASF34
 278 0123 2C       		.sleb128 44
 279 0124 07       		.uleb128 0x7
 280 0125 FE0F0000 		.4byte	.LASF35
 281 0129 C000     		.sleb128 64
 282 012b 07       		.uleb128 0x7
 283 012c C2080000 		.4byte	.LASF36
 284 0130 C100     		.sleb128 65
 285 0132 07       		.uleb128 0x7
 286 0133 56120000 		.4byte	.LASF37
 287 0137 C200     		.sleb128 66
 288 0139 07       		.uleb128 0x7
 289 013a AA100000 		.4byte	.LASF38
 290 013e C300     		.sleb128 67
 291 0140 07       		.uleb128 0x7
 292 0141 30070000 		.4byte	.LASF39
 293 0145 C400     		.sleb128 68
 294 0147 07       		.uleb128 0x7
 295 0148 1F0B0000 		.4byte	.LASF40
 296 014c C500     		.sleb128 69
 297 014e 07       		.uleb128 0x7
 298 014f 9C090000 		.4byte	.LASF41
 299 0153 C600     		.sleb128 70
 300 0155 07       		.uleb128 0x7
 301 0156 D5070000 		.4byte	.LASF42
 302 015a C700     		.sleb128 71
 303 015c 07       		.uleb128 0x7
 304 015d A6110000 		.4byte	.LASF43
 305 0161 C800     		.sleb128 72
 306 0163 07       		.uleb128 0x7
 307 0164 B1030000 		.4byte	.LASF44
 308 0168 C900     		.sleb128 73
 309 016a 07       		.uleb128 0x7
 310 016b 03110000 		.4byte	.LASF45
 311 016f CA00     		.sleb128 74
 312 0171 07       		.uleb128 0x7
 313 0172 5F010000 		.4byte	.LASF46
 314 0176 CB00     		.sleb128 75
 315 0178 07       		.uleb128 0x7
 316 0179 16070000 		.4byte	.LASF47
 317 017d CC00     		.sleb128 76
 318 017f 07       		.uleb128 0x7
 319 0180 230A0000 		.4byte	.LASF48
 320 0184 CD00     		.sleb128 77
 321 0186 07       		.uleb128 0x7
 322 0187 FF030000 		.4byte	.LASF49
 323 018b CE00     		.sleb128 78
 324 018d 07       		.uleb128 0x7
 325 018e 890D0000 		.4byte	.LASF50
 326 0192 CF00     		.sleb128 79
 327 0194 07       		.uleb128 0x7
 328 0195 7E010000 		.4byte	.LASF51
 329 0199 D000     		.sleb128 80
 330 019b 07       		.uleb128 0x7
 331 019c 6E040000 		.4byte	.LASF52
 332 01a0 D100     		.sleb128 81
ARM GAS  C:\Users\leander\AppData\Local\Temp\ccMTAbde.s 			page 8


 333 01a2 07       		.uleb128 0x7
 334 01a3 820A0000 		.4byte	.LASF53
 335 01a7 D200     		.sleb128 82
 336 01a9 07       		.uleb128 0x7
 337 01aa 0A0D0000 		.4byte	.LASF54
 338 01ae D300     		.sleb128 83
 339 01b0 07       		.uleb128 0x7
 340 01b1 F10D0000 		.4byte	.LASF55
 341 01b5 D400     		.sleb128 84
 342 01b7 07       		.uleb128 0x7
 343 01b8 4E070000 		.4byte	.LASF56
 344 01bc D500     		.sleb128 85
 345 01be 07       		.uleb128 0x7
 346 01bf 10060000 		.4byte	.LASF57
 347 01c3 D600     		.sleb128 86
 348 01c5 07       		.uleb128 0x7
 349 01c6 C60E0000 		.4byte	.LASF58
 350 01ca D700     		.sleb128 87
 351 01cc 07       		.uleb128 0x7
 352 01cd 54050000 		.4byte	.LASF59
 353 01d1 F000     		.sleb128 112
 354 01d3 07       		.uleb128 0x7
 355 01d4 0F120000 		.4byte	.LASF60
 356 01d8 F100     		.sleb128 113
 357 01da 07       		.uleb128 0x7
 358 01db E3080000 		.4byte	.LASF61
 359 01df F200     		.sleb128 114
 360 01e1 07       		.uleb128 0x7
 361 01e2 7E090000 		.4byte	.LASF62
 362 01e6 F300     		.sleb128 115
 363 01e8 07       		.uleb128 0x7
 364 01e9 DB0A0000 		.4byte	.LASF63
 365 01ed F400     		.sleb128 116
 366 01ef 07       		.uleb128 0x7
 367 01f0 94040000 		.4byte	.LASF64
 368 01f4 F500     		.sleb128 117
 369 01f6 07       		.uleb128 0x7
 370 01f7 3E010000 		.4byte	.LASF65
 371 01fb F600     		.sleb128 118
 372 01fd 07       		.uleb128 0x7
 373 01fe 46000000 		.4byte	.LASF66
 374 0202 F700     		.sleb128 119
 375 0204 07       		.uleb128 0x7
 376 0205 00000000 		.4byte	.LASF67
 377 0209 F800     		.sleb128 120
 378 020b 07       		.uleb128 0x7
 379 020c EF0E0000 		.4byte	.LASF68
 380 0210 F900     		.sleb128 121
 381 0212 07       		.uleb128 0x7
 382 0213 9C050000 		.4byte	.LASF69
 383 0217 FA00     		.sleb128 122
 384 0219 07       		.uleb128 0x7
 385 021a 5E020000 		.4byte	.LASF70
 386 021e FA01     		.sleb128 250
 387 0220 07       		.uleb128 0x7
 388 0221 50060000 		.4byte	.LASF71
 389 0225 FB01     		.sleb128 251
ARM GAS  C:\Users\leander\AppData\Local\Temp\ccMTAbde.s 			page 9


 390 0227 07       		.uleb128 0x7
 391 0228 23050000 		.4byte	.LASF72
 392 022c FF01     		.sleb128 255
 393 022e 00       		.byte	0
 394 022f 08       		.uleb128 0x8
 395 0230 02       		.byte	0x2
 396 0231 03       		.byte	0x3
 397 0232 0C02     		.2byte	0x20c
 398 0234 E6020000 		.4byte	0x2e6
 399 0238 07       		.uleb128 0x7
 400 0239 31050000 		.4byte	.LASF73
 401 023d 00       		.sleb128 0
 402 023e 07       		.uleb128 0x7
 403 023f B5040000 		.4byte	.LASF74
 404 0243 01       		.sleb128 1
 405 0244 07       		.uleb128 0x7
 406 0245 26100000 		.4byte	.LASF75
 407 0249 02       		.sleb128 2
 408 024a 07       		.uleb128 0x7
 409 024b AD000000 		.4byte	.LASF76
 410 024f 03       		.sleb128 3
 411 0250 07       		.uleb128 0x7
 412 0251 E0100000 		.4byte	.LASF77
 413 0255 04       		.sleb128 4
 414 0256 07       		.uleb128 0x7
 415 0257 32060000 		.4byte	.LASF78
 416 025b 05       		.sleb128 5
 417 025c 07       		.uleb128 0x7
 418 025d 460D0000 		.4byte	.LASF79
 419 0261 06       		.sleb128 6
 420 0262 07       		.uleb128 0x7
 421 0263 73030000 		.4byte	.LASF80
 422 0267 07       		.sleb128 7
 423 0268 07       		.uleb128 0x7
 424 0269 9C120000 		.4byte	.LASF81
 425 026d 08       		.sleb128 8
 426 026e 07       		.uleb128 0x7
 427 026f CD110000 		.4byte	.LASF82
 428 0273 09       		.sleb128 9
 429 0274 07       		.uleb128 0x7
 430 0275 910B0000 		.4byte	.LASF83
 431 0279 0A       		.sleb128 10
 432 027a 07       		.uleb128 0x7
 433 027b 770E0000 		.4byte	.LASF84
 434 027f 0B       		.sleb128 11
 435 0280 07       		.uleb128 0x7
 436 0281 7C020000 		.4byte	.LASF85
 437 0285 0C       		.sleb128 12
 438 0286 07       		.uleb128 0x7
 439 0287 D1010000 		.4byte	.LASF86
 440 028b 0D       		.sleb128 13
 441 028c 07       		.uleb128 0x7
 442 028d B8060000 		.4byte	.LASF87
 443 0291 0E       		.sleb128 14
 444 0292 07       		.uleb128 0x7
 445 0293 6D110000 		.4byte	.LASF88
 446 0297 0F       		.sleb128 15
ARM GAS  C:\Users\leander\AppData\Local\Temp\ccMTAbde.s 			page 10


 447 0298 07       		.uleb128 0x7
 448 0299 770F0000 		.4byte	.LASF89
 449 029d 10       		.sleb128 16
 450 029e 07       		.uleb128 0x7
 451 029f 72070000 		.4byte	.LASF90
 452 02a3 11       		.sleb128 17
 453 02a4 07       		.uleb128 0x7
 454 02a5 45040000 		.4byte	.LASF91
 455 02a9 12       		.sleb128 18
 456 02aa 07       		.uleb128 0x7
 457 02ab 74120000 		.4byte	.LASF92
 458 02af 13       		.sleb128 19
 459 02b0 07       		.uleb128 0x7
 460 02b1 51030000 		.4byte	.LASF93
 461 02b5 27       		.sleb128 39
 462 02b6 07       		.uleb128 0x7
 463 02b7 520F0000 		.4byte	.LASF94
 464 02bb 28       		.sleb128 40
 465 02bc 07       		.uleb128 0x7
 466 02bd 51110000 		.4byte	.LASF95
 467 02c1 29       		.sleb128 41
 468 02c2 07       		.uleb128 0x7
 469 02c3 6E090000 		.4byte	.LASF96
 470 02c7 FF01     		.sleb128 255
 471 02c9 07       		.uleb128 0x7
 472 02ca 9D010000 		.4byte	.LASF97
 473 02ce 8002     		.sleb128 256
 474 02d0 07       		.uleb128 0x7
 475 02d1 A30A0000 		.4byte	.LASF98
 476 02d5 8102     		.sleb128 257
 477 02d7 07       		.uleb128 0x7
 478 02d8 AB0B0000 		.4byte	.LASF99
 479 02dc 8202     		.sleb128 258
 480 02de 07       		.uleb128 0x7
 481 02df E5030000 		.4byte	.LASF100
 482 02e3 8302     		.sleb128 259
 483 02e5 00       		.byte	0
 484 02e6 09       		.uleb128 0x9
 485 02e7 6F0A0000 		.4byte	.LASF101
 486 02eb 03       		.byte	0x3
 487 02ec 6902     		.2byte	0x269
 488 02ee 2F020000 		.4byte	0x22f
 489 02f2 0A       		.uleb128 0xa
 490 02f3 04       		.byte	0x4
 491 02f4 7B000000 		.4byte	0x7b
 492 02f8 06       		.uleb128 0x6
 493 02f9 01       		.byte	0x1
 494 02fa 04       		.byte	0x4
 495 02fb AA       		.byte	0xaa
 496 02fc EB030000 		.4byte	0x3eb
 497 0300 07       		.uleb128 0x7
 498 0301 40050000 		.4byte	.LASF102
 499 0305 00       		.sleb128 0
 500 0306 07       		.uleb128 0x7
 501 0307 F7000000 		.4byte	.LASF103
 502 030b 01       		.sleb128 1
 503 030c 07       		.uleb128 0x7
ARM GAS  C:\Users\leander\AppData\Local\Temp\ccMTAbde.s 			page 11


 504 030d 7A050000 		.4byte	.LASF104
 505 0311 02       		.sleb128 2
 506 0312 07       		.uleb128 0x7
 507 0313 00050000 		.4byte	.LASF105
 508 0317 03       		.sleb128 3
 509 0318 07       		.uleb128 0x7
 510 0319 CA030000 		.4byte	.LASF106
 511 031d 04       		.sleb128 4
 512 031e 07       		.uleb128 0x7
 513 031f F9020000 		.4byte	.LASF107
 514 0323 05       		.sleb128 5
 515 0324 07       		.uleb128 0x7
 516 0325 D2000000 		.4byte	.LASF108
 517 0329 06       		.sleb128 6
 518 032a 07       		.uleb128 0x7
 519 032b 21110000 		.4byte	.LASF109
 520 032f 07       		.sleb128 7
 521 0330 07       		.uleb128 0x7
 522 0331 CE0B0000 		.4byte	.LASF110
 523 0335 08       		.sleb128 8
 524 0336 07       		.uleb128 0x7
 525 0337 4C0B0000 		.4byte	.LASF111
 526 033b 09       		.sleb128 9
 527 033c 07       		.uleb128 0x7
 528 033d F3060000 		.4byte	.LASF112
 529 0341 0A       		.sleb128 10
 530 0342 07       		.uleb128 0x7
 531 0343 9C070000 		.4byte	.LASF113
 532 0347 0B       		.sleb128 11
 533 0348 07       		.uleb128 0x7
 534 0349 79000000 		.4byte	.LASF114
 535 034d 0C       		.sleb128 12
 536 034e 07       		.uleb128 0x7
 537 034f 220C0000 		.4byte	.LASF115
 538 0353 0D       		.sleb128 13
 539 0354 07       		.uleb128 0x7
 540 0355 120F0000 		.4byte	.LASF116
 541 0359 0E       		.sleb128 14
 542 035a 07       		.uleb128 0x7
 543 035b 72100000 		.4byte	.LASF117
 544 035f 0F       		.sleb128 15
 545 0360 07       		.uleb128 0x7
 546 0361 D3040000 		.4byte	.LASF118
 547 0365 10       		.sleb128 16
 548 0366 07       		.uleb128 0x7
 549 0367 C6090000 		.4byte	.LASF119
 550 036b 11       		.sleb128 17
 551 036c 07       		.uleb128 0x7
 552 036d 3C0E0000 		.4byte	.LASF120
 553 0371 8001     		.sleb128 128
 554 0373 07       		.uleb128 0x7
 555 0374 44100000 		.4byte	.LASF121
 556 0378 8001     		.sleb128 128
 557 037a 07       		.uleb128 0x7
 558 037b FF080000 		.4byte	.LASF122
 559 037f 8001     		.sleb128 128
 560 0381 07       		.uleb128 0x7
ARM GAS  C:\Users\leander\AppData\Local\Temp\ccMTAbde.s 			page 12


 561 0382 7C080000 		.4byte	.LASF123
 562 0386 8001     		.sleb128 128
 563 0388 07       		.uleb128 0x7
 564 0389 8A060000 		.4byte	.LASF124
 565 038d 8001     		.sleb128 128
 566 038f 07       		.uleb128 0x7
 567 0390 D4020000 		.4byte	.LASF125
 568 0394 8001     		.sleb128 128
 569 0396 07       		.uleb128 0x7
 570 0397 2B0D0000 		.4byte	.LASF126
 571 039b 8001     		.sleb128 128
 572 039d 07       		.uleb128 0x7
 573 039e 470C0000 		.4byte	.LASF127
 574 03a2 8101     		.sleb128 129
 575 03a4 07       		.uleb128 0x7
 576 03a5 1E020000 		.4byte	.LASF128
 577 03a9 8101     		.sleb128 129
 578 03ab 07       		.uleb128 0x7
 579 03ac 6F060000 		.4byte	.LASF129
 580 03b0 8101     		.sleb128 129
 581 03b2 07       		.uleb128 0x7
 582 03b3 600D0000 		.4byte	.LASF130
 583 03b7 A001     		.sleb128 160
 584 03b9 07       		.uleb128 0x7
 585 03ba F3070000 		.4byte	.LASF131
 586 03be A001     		.sleb128 160
 587 03c0 07       		.uleb128 0x7
 588 03c1 B0020000 		.4byte	.LASF132
 589 03c5 A101     		.sleb128 161
 590 03c7 07       		.uleb128 0x7
 591 03c8 F90A0000 		.4byte	.LASF133
 592 03cc A201     		.sleb128 162
 593 03ce 07       		.uleb128 0x7
 594 03cf 300F0000 		.4byte	.LASF134
 595 03d3 A301     		.sleb128 163
 596 03d5 07       		.uleb128 0x7
 597 03d6 120E0000 		.4byte	.LASF135
 598 03da FD01     		.sleb128 253
 599 03dc 07       		.uleb128 0x7
 600 03dd A50F0000 		.4byte	.LASF136
 601 03e1 FE01     		.sleb128 254
 602 03e3 07       		.uleb128 0x7
 603 03e4 F80B0000 		.4byte	.LASF137
 604 03e8 FF01     		.sleb128 255
 605 03ea 00       		.byte	0
 606 03eb 09       		.uleb128 0x9
 607 03ec 66080000 		.4byte	.LASF138
 608 03f0 04       		.byte	0x4
 609 03f1 5901     		.2byte	0x159
 610 03f3 F8020000 		.4byte	0x2f8
 611 03f7 09       		.uleb128 0x9
 612 03f8 3A120000 		.4byte	.LASF139
 613 03fc 04       		.byte	0x4
 614 03fd 8801     		.2byte	0x188
 615 03ff 86000000 		.4byte	0x86
 616 0403 0B       		.uleb128 0xb
 617 0404 02       		.byte	0x2
ARM GAS  C:\Users\leander\AppData\Local\Temp\ccMTAbde.s 			page 13


 618 0405 04       		.byte	0x4
 619 0406 9201     		.2byte	0x192
 620 0408 27040000 		.4byte	0x427
 621 040c 0C       		.uleb128 0xc
 622 040d 06120000 		.4byte	.LASF140
 623 0411 04       		.byte	0x4
 624 0412 9901     		.2byte	0x199
 625 0414 7B000000 		.4byte	0x7b
 626 0418 00       		.byte	0
 627 0419 0C       		.uleb128 0xc
 628 041a DD080000 		.4byte	.LASF141
 629 041e 04       		.byte	0x4
 630 041f 9F01     		.2byte	0x19f
 631 0421 7B000000 		.4byte	0x7b
 632 0425 01       		.byte	0x1
 633 0426 00       		.byte	0
 634 0427 09       		.uleb128 0x9
 635 0428 65000000 		.4byte	.LASF142
 636 042c 04       		.byte	0x4
 637 042d A101     		.2byte	0x1a1
 638 042f 03040000 		.4byte	0x403
 639 0433 0B       		.uleb128 0xb
 640 0434 08       		.byte	0x8
 641 0435 04       		.byte	0x4
 642 0436 BD01     		.2byte	0x1bd
 643 0438 64040000 		.4byte	0x464
 644 043c 0D       		.uleb128 0xd
 645 043d 76616C00 		.ascii	"val\000"
 646 0441 04       		.byte	0x4
 647 0442 C001     		.2byte	0x1c0
 648 0444 F2020000 		.4byte	0x2f2
 649 0448 00       		.byte	0
 650 0449 0D       		.uleb128 0xd
 651 044a 6C656E00 		.ascii	"len\000"
 652 044e 04       		.byte	0x4
 653 044f C301     		.2byte	0x1c3
 654 0451 86000000 		.4byte	0x86
 655 0455 04       		.byte	0x4
 656 0456 0C       		.uleb128 0xc
 657 0457 90030000 		.4byte	.LASF143
 658 045b 04       		.byte	0x4
 659 045c CA01     		.2byte	0x1ca
 660 045e 86000000 		.4byte	0x86
 661 0462 06       		.byte	0x6
 662 0463 00       		.byte	0
 663 0464 09       		.uleb128 0x9
 664 0465 F6010000 		.4byte	.LASF144
 665 0469 04       		.byte	0x4
 666 046a CC01     		.2byte	0x1cc
 667 046c 33040000 		.4byte	0x433
 668 0470 0B       		.uleb128 0xb
 669 0471 0C       		.byte	0xc
 670 0472 04       		.byte	0x4
 671 0473 CF01     		.2byte	0x1cf
 672 0475 94040000 		.4byte	0x494
 673 0479 0C       		.uleb128 0xc
 674 047a A80D0000 		.4byte	.LASF145
ARM GAS  C:\Users\leander\AppData\Local\Temp\ccMTAbde.s 			page 14


 675 047e 04       		.byte	0x4
 676 047f D201     		.2byte	0x1d2
 677 0481 64040000 		.4byte	0x464
 678 0485 00       		.byte	0
 679 0486 0C       		.uleb128 0xc
 680 0487 C0050000 		.4byte	.LASF146
 681 048b 04       		.byte	0x4
 682 048c D501     		.2byte	0x1d5
 683 048e F7030000 		.4byte	0x3f7
 684 0492 08       		.byte	0x8
 685 0493 00       		.byte	0
 686 0494 09       		.uleb128 0x9
 687 0495 BC0A0000 		.4byte	.LASF147
 688 0499 04       		.byte	0x4
 689 049a D701     		.2byte	0x1d7
 690 049c 70040000 		.4byte	0x470
 691 04a0 0E       		.uleb128 0xe
 692 04a1 10       		.byte	0x10
 693 04a2 05       		.byte	0x5
 694 04a3 8A       		.byte	0x8a
 695 04a4 C1040000 		.4byte	0x4c1
 696 04a8 0F       		.uleb128 0xf
 697 04a9 A2000000 		.4byte	.LASF148
 698 04ad 05       		.byte	0x5
 699 04ae 8D       		.byte	0x8d
 700 04af 27040000 		.4byte	0x427
 701 04b3 00       		.byte	0
 702 04b4 0F       		.uleb128 0xf
 703 04b5 18100000 		.4byte	.LASF149
 704 04b9 05       		.byte	0x5
 705 04ba 90       		.byte	0x90
 706 04bb 94040000 		.4byte	0x494
 707 04bf 04       		.byte	0x4
 708 04c0 00       		.byte	0
 709 04c1 05       		.uleb128 0x5
 710 04c2 EB090000 		.4byte	.LASF150
 711 04c6 05       		.byte	0x5
 712 04c7 92       		.byte	0x92
 713 04c8 A0040000 		.4byte	0x4a0
 714 04cc 09       		.uleb128 0x9
 715 04cd 99100000 		.4byte	.LASF151
 716 04d1 06       		.byte	0x6
 717 04d2 4201     		.2byte	0x142
 718 04d4 D8040000 		.4byte	0x4d8
 719 04d8 0A       		.uleb128 0xa
 720 04d9 04       		.byte	0x4
 721 04da DE040000 		.4byte	0x4de
 722 04de 10       		.uleb128 0x10
 723 04df EE040000 		.4byte	0x4ee
 724 04e3 11       		.uleb128 0x11
 725 04e4 91000000 		.4byte	0x91
 726 04e8 11       		.uleb128 0x11
 727 04e9 6B000000 		.4byte	0x6b
 728 04ed 00       		.byte	0
 729 04ee 12       		.uleb128 0x12
 730 04ef 3F110000 		.4byte	.LASF154
 731 04f3 01       		.byte	0x1
ARM GAS  C:\Users\leander\AppData\Local\Temp\ccMTAbde.s 			page 15


 732 04f4 1A       		.byte	0x1a
 733 04f5 00000000 		.4byte	.LFB35
 734 04f9 3A000000 		.4byte	.LFE35-.LFB35
 735 04fd 01       		.uleb128 0x1
 736 04fe 9C       		.byte	0x9c
 737 04ff 76050000 		.4byte	0x576
 738 0503 13       		.uleb128 0x13
 739 0504 96070000 		.4byte	.LASF152
 740 0508 01       		.byte	0x1
 741 0509 1A       		.byte	0x1a
 742 050a 91000000 		.4byte	0x91
 743 050e 00000000 		.4byte	.LLST0
 744 0512 13       		.uleb128 0x13
 745 0513 C8100000 		.4byte	.LASF153
 746 0517 01       		.byte	0x1
 747 0518 1A       		.byte	0x1a
 748 0519 6B000000 		.4byte	0x6b
 749 051d 3A000000 		.4byte	.LLST1
 750 0521 14       		.uleb128 0x14
 751 0522 D3100000 		.4byte	.LASF163
 752 0526 01       		.byte	0x1
 753 0527 1B       		.byte	0x1b
 754 0528 76050000 		.4byte	0x576
 755 052c 7C000000 		.4byte	.LLST2
 756 0530 15       		.uleb128 0x15
 757 0531 1E000000 		.4byte	.LVL4
 758 0535 BF050000 		.4byte	0x5bf
 759 0539 54050000 		.4byte	0x554
 760 053d 16       		.uleb128 0x16
 761 053e 01       		.uleb128 0x1
 762 053f 53       		.byte	0x53
 763 0540 01       		.uleb128 0x1
 764 0541 30       		.byte	0x30
 765 0542 16       		.uleb128 0x16
 766 0543 01       		.uleb128 0x1
 767 0544 52       		.byte	0x52
 768 0545 02       		.uleb128 0x2
 769 0546 74       		.byte	0x74
 770 0547 00       		.sleb128 0
 771 0548 16       		.uleb128 0x16
 772 0549 01       		.uleb128 0x1
 773 054a 51       		.byte	0x51
 774 054b 01       		.uleb128 0x1
 775 054c 30       		.byte	0x30
 776 054d 16       		.uleb128 0x16
 777 054e 01       		.uleb128 0x1
 778 054f 50       		.byte	0x50
 779 0550 02       		.uleb128 0x2
 780 0551 74       		.byte	0x74
 781 0552 04       		.sleb128 4
 782 0553 00       		.byte	0
 783 0554 17       		.uleb128 0x17
 784 0555 2A000000 		.4byte	.LVL5
 785 0559 F0050000 		.4byte	0x5f0
 786 055d 17       		.uleb128 0x17
 787 055e 30000000 		.4byte	.LVL6
 788 0562 01060000 		.4byte	0x601
ARM GAS  C:\Users\leander\AppData\Local\Temp\ccMTAbde.s 			page 16


 789 0566 18       		.uleb128 0x18
 790 0567 38000000 		.4byte	.LVL9
 791 056b 17060000 		.4byte	0x617
 792 056f 16       		.uleb128 0x16
 793 0570 01       		.uleb128 0x1
 794 0571 50       		.byte	0x50
 795 0572 01       		.uleb128 0x1
 796 0573 30       		.byte	0x30
 797 0574 00       		.byte	0
 798 0575 00       		.byte	0
 799 0576 0A       		.uleb128 0xa
 800 0577 04       		.byte	0x4
 801 0578 C1040000 		.4byte	0x4c1
 802 057c 19       		.uleb128 0x19
 803 057d 35120000 		.4byte	.LASF155
 804 0581 01       		.byte	0x1
 805 0582 37       		.byte	0x37
 806 0583 5D000000 		.4byte	0x5d
 807 0587 00000000 		.4byte	.LFB36
 808 058b 18000000 		.4byte	.LFE36-.LFB36
 809 058f 01       		.uleb128 0x1
 810 0590 9C       		.byte	0x9c
 811 0591 BF050000 		.4byte	0x5bf
 812 0595 15       		.uleb128 0x15
 813 0596 0A000000 		.4byte	.LVL11
 814 059a 2D060000 		.4byte	0x62d
 815 059e AC050000 		.4byte	0x5ac
 816 05a2 16       		.uleb128 0x16
 817 05a3 01       		.uleb128 0x1
 818 05a4 50       		.byte	0x50
 819 05a5 05       		.uleb128 0x5
 820 05a6 03       		.byte	0x3
 821 05a7 00000000 		.4byte	StackEventHandler
 822 05ab 00       		.byte	0
 823 05ac 17       		.uleb128 0x17
 824 05ad 0E000000 		.4byte	.LVL12
 825 05b1 43060000 		.4byte	0x643
 826 05b5 17       		.uleb128 0x17
 827 05b6 12000000 		.4byte	.LVL13
 828 05ba 50060000 		.4byte	0x650
 829 05be 00       		.byte	0
 830 05bf 1A       		.uleb128 0x1a
 831 05c0 F1050000 		.4byte	.LASF156
 832 05c4 07       		.byte	0x7
 833 05c5 7701     		.2byte	0x177
 834 05c7 EB030000 		.4byte	0x3eb
 835 05cb E4050000 		.4byte	0x5e4
 836 05cf 11       		.uleb128 0x11
 837 05d0 E4050000 		.4byte	0x5e4
 838 05d4 11       		.uleb128 0x11
 839 05d5 86000000 		.4byte	0x86
 840 05d9 11       		.uleb128 0x11
 841 05da EA050000 		.4byte	0x5ea
 842 05de 11       		.uleb128 0x11
 843 05df 7B000000 		.4byte	0x7b
 844 05e3 00       		.byte	0
 845 05e4 0A       		.uleb128 0xa
ARM GAS  C:\Users\leander\AppData\Local\Temp\ccMTAbde.s 			page 17


 846 05e5 04       		.byte	0x4
 847 05e6 94040000 		.4byte	0x494
 848 05ea 0A       		.uleb128 0xa
 849 05eb 04       		.byte	0x4
 850 05ec 27040000 		.4byte	0x427
 851 05f0 1B       		.uleb128 0x1b
 852 05f1 E2050000 		.4byte	.LASF164
 853 05f5 08       		.byte	0x8
 854 05f6 36       		.byte	0x36
 855 05f7 01060000 		.4byte	0x601
 856 05fb 11       		.uleb128 0x11
 857 05fc F2020000 		.4byte	0x2f2
 858 0600 00       		.byte	0
 859 0601 1A       		.uleb128 0x1a
 860 0602 92110000 		.4byte	.LASF157
 861 0606 05       		.byte	0x5
 862 0607 B301     		.2byte	0x1b3
 863 0609 E6020000 		.4byte	0x2e6
 864 060d 17060000 		.4byte	0x617
 865 0611 11       		.uleb128 0x11
 866 0612 27040000 		.4byte	0x427
 867 0616 00       		.byte	0
 868 0617 1A       		.uleb128 0x1a
 869 0618 740B0000 		.4byte	.LASF158
 870 061c 06       		.byte	0x6
 871 061d B101     		.2byte	0x1b1
 872 061f E6020000 		.4byte	0x2e6
 873 0623 2D060000 		.4byte	0x62d
 874 0627 11       		.uleb128 0x11
 875 0628 7B000000 		.4byte	0x7b
 876 062c 00       		.byte	0
 877 062d 1A       		.uleb128 0x1a
 878 062e 5A080000 		.4byte	.LASF159
 879 0632 06       		.byte	0x6
 880 0633 A201     		.2byte	0x1a2
 881 0635 E6020000 		.4byte	0x2e6
 882 0639 43060000 		.4byte	0x643
 883 063d 11       		.uleb128 0x11
 884 063e CC040000 		.4byte	0x4cc
 885 0642 00       		.byte	0
 886 0643 1C       		.uleb128 0x1c
 887 0644 460A0000 		.4byte	.LASF165
 888 0648 08       		.byte	0x8
 889 0649 30       		.byte	0x30
 890 064a 50060000 		.4byte	0x650
 891 064e 1D       		.uleb128 0x1d
 892 064f 00       		.byte	0
 893 0650 1E       		.uleb128 0x1e
 894 0651 5A090000 		.4byte	.LASF166
 895 0655 03       		.byte	0x3
 896 0656 A304     		.2byte	0x4a3
 897 0658 00       		.byte	0
 898              		.section	.debug_abbrev,"",%progbits
 899              	.Ldebug_abbrev0:
 900 0000 01       		.uleb128 0x1
 901 0001 11       		.uleb128 0x11
 902 0002 01       		.byte	0x1
ARM GAS  C:\Users\leander\AppData\Local\Temp\ccMTAbde.s 			page 18


 903 0003 25       		.uleb128 0x25
 904 0004 0E       		.uleb128 0xe
 905 0005 13       		.uleb128 0x13
 906 0006 0B       		.uleb128 0xb
 907 0007 03       		.uleb128 0x3
 908 0008 0E       		.uleb128 0xe
 909 0009 1B       		.uleb128 0x1b
 910 000a 0E       		.uleb128 0xe
 911 000b 55       		.uleb128 0x55
 912 000c 17       		.uleb128 0x17
 913 000d 11       		.uleb128 0x11
 914 000e 01       		.uleb128 0x1
 915 000f 10       		.uleb128 0x10
 916 0010 17       		.uleb128 0x17
 917 0011 00       		.byte	0
 918 0012 00       		.byte	0
 919 0013 02       		.uleb128 0x2
 920 0014 24       		.uleb128 0x24
 921 0015 00       		.byte	0
 922 0016 0B       		.uleb128 0xb
 923 0017 0B       		.uleb128 0xb
 924 0018 3E       		.uleb128 0x3e
 925 0019 0B       		.uleb128 0xb
 926 001a 03       		.uleb128 0x3
 927 001b 0E       		.uleb128 0xe
 928 001c 00       		.byte	0
 929 001d 00       		.byte	0
 930 001e 03       		.uleb128 0x3
 931 001f 24       		.uleb128 0x24
 932 0020 00       		.byte	0
 933 0021 0B       		.uleb128 0xb
 934 0022 0B       		.uleb128 0xb
 935 0023 3E       		.uleb128 0x3e
 936 0024 0B       		.uleb128 0xb
 937 0025 03       		.uleb128 0x3
 938 0026 08       		.uleb128 0x8
 939 0027 00       		.byte	0
 940 0028 00       		.byte	0
 941 0029 04       		.uleb128 0x4
 942 002a 0F       		.uleb128 0xf
 943 002b 00       		.byte	0
 944 002c 0B       		.uleb128 0xb
 945 002d 0B       		.uleb128 0xb
 946 002e 00       		.byte	0
 947 002f 00       		.byte	0
 948 0030 05       		.uleb128 0x5
 949 0031 16       		.uleb128 0x16
 950 0032 00       		.byte	0
 951 0033 03       		.uleb128 0x3
 952 0034 0E       		.uleb128 0xe
 953 0035 3A       		.uleb128 0x3a
 954 0036 0B       		.uleb128 0xb
 955 0037 3B       		.uleb128 0x3b
 956 0038 0B       		.uleb128 0xb
 957 0039 49       		.uleb128 0x49
 958 003a 13       		.uleb128 0x13
 959 003b 00       		.byte	0
ARM GAS  C:\Users\leander\AppData\Local\Temp\ccMTAbde.s 			page 19


 960 003c 00       		.byte	0
 961 003d 06       		.uleb128 0x6
 962 003e 04       		.uleb128 0x4
 963 003f 01       		.byte	0x1
 964 0040 0B       		.uleb128 0xb
 965 0041 0B       		.uleb128 0xb
 966 0042 3A       		.uleb128 0x3a
 967 0043 0B       		.uleb128 0xb
 968 0044 3B       		.uleb128 0x3b
 969 0045 0B       		.uleb128 0xb
 970 0046 01       		.uleb128 0x1
 971 0047 13       		.uleb128 0x13
 972 0048 00       		.byte	0
 973 0049 00       		.byte	0
 974 004a 07       		.uleb128 0x7
 975 004b 28       		.uleb128 0x28
 976 004c 00       		.byte	0
 977 004d 03       		.uleb128 0x3
 978 004e 0E       		.uleb128 0xe
 979 004f 1C       		.uleb128 0x1c
 980 0050 0D       		.uleb128 0xd
 981 0051 00       		.byte	0
 982 0052 00       		.byte	0
 983 0053 08       		.uleb128 0x8
 984 0054 04       		.uleb128 0x4
 985 0055 01       		.byte	0x1
 986 0056 0B       		.uleb128 0xb
 987 0057 0B       		.uleb128 0xb
 988 0058 3A       		.uleb128 0x3a
 989 0059 0B       		.uleb128 0xb
 990 005a 3B       		.uleb128 0x3b
 991 005b 05       		.uleb128 0x5
 992 005c 01       		.uleb128 0x1
 993 005d 13       		.uleb128 0x13
 994 005e 00       		.byte	0
 995 005f 00       		.byte	0
 996 0060 09       		.uleb128 0x9
 997 0061 16       		.uleb128 0x16
 998 0062 00       		.byte	0
 999 0063 03       		.uleb128 0x3
 1000 0064 0E       		.uleb128 0xe
 1001 0065 3A       		.uleb128 0x3a
 1002 0066 0B       		.uleb128 0xb
 1003 0067 3B       		.uleb128 0x3b
 1004 0068 05       		.uleb128 0x5
 1005 0069 49       		.uleb128 0x49
 1006 006a 13       		.uleb128 0x13
 1007 006b 00       		.byte	0
 1008 006c 00       		.byte	0
 1009 006d 0A       		.uleb128 0xa
 1010 006e 0F       		.uleb128 0xf
 1011 006f 00       		.byte	0
 1012 0070 0B       		.uleb128 0xb
 1013 0071 0B       		.uleb128 0xb
 1014 0072 49       		.uleb128 0x49
 1015 0073 13       		.uleb128 0x13
 1016 0074 00       		.byte	0
ARM GAS  C:\Users\leander\AppData\Local\Temp\ccMTAbde.s 			page 20


 1017 0075 00       		.byte	0
 1018 0076 0B       		.uleb128 0xb
 1019 0077 13       		.uleb128 0x13
 1020 0078 01       		.byte	0x1
 1021 0079 0B       		.uleb128 0xb
 1022 007a 0B       		.uleb128 0xb
 1023 007b 3A       		.uleb128 0x3a
 1024 007c 0B       		.uleb128 0xb
 1025 007d 3B       		.uleb128 0x3b
 1026 007e 05       		.uleb128 0x5
 1027 007f 01       		.uleb128 0x1
 1028 0080 13       		.uleb128 0x13
 1029 0081 00       		.byte	0
 1030 0082 00       		.byte	0
 1031 0083 0C       		.uleb128 0xc
 1032 0084 0D       		.uleb128 0xd
 1033 0085 00       		.byte	0
 1034 0086 03       		.uleb128 0x3
 1035 0087 0E       		.uleb128 0xe
 1036 0088 3A       		.uleb128 0x3a
 1037 0089 0B       		.uleb128 0xb
 1038 008a 3B       		.uleb128 0x3b
 1039 008b 05       		.uleb128 0x5
 1040 008c 49       		.uleb128 0x49
 1041 008d 13       		.uleb128 0x13
 1042 008e 38       		.uleb128 0x38
 1043 008f 0B       		.uleb128 0xb
 1044 0090 00       		.byte	0
 1045 0091 00       		.byte	0
 1046 0092 0D       		.uleb128 0xd
 1047 0093 0D       		.uleb128 0xd
 1048 0094 00       		.byte	0
 1049 0095 03       		.uleb128 0x3
 1050 0096 08       		.uleb128 0x8
 1051 0097 3A       		.uleb128 0x3a
 1052 0098 0B       		.uleb128 0xb
 1053 0099 3B       		.uleb128 0x3b
 1054 009a 05       		.uleb128 0x5
 1055 009b 49       		.uleb128 0x49
 1056 009c 13       		.uleb128 0x13
 1057 009d 38       		.uleb128 0x38
 1058 009e 0B       		.uleb128 0xb
 1059 009f 00       		.byte	0
 1060 00a0 00       		.byte	0
 1061 00a1 0E       		.uleb128 0xe
 1062 00a2 13       		.uleb128 0x13
 1063 00a3 01       		.byte	0x1
 1064 00a4 0B       		.uleb128 0xb
 1065 00a5 0B       		.uleb128 0xb
 1066 00a6 3A       		.uleb128 0x3a
 1067 00a7 0B       		.uleb128 0xb
 1068 00a8 3B       		.uleb128 0x3b
 1069 00a9 0B       		.uleb128 0xb
 1070 00aa 01       		.uleb128 0x1
 1071 00ab 13       		.uleb128 0x13
 1072 00ac 00       		.byte	0
 1073 00ad 00       		.byte	0
ARM GAS  C:\Users\leander\AppData\Local\Temp\ccMTAbde.s 			page 21


 1074 00ae 0F       		.uleb128 0xf
 1075 00af 0D       		.uleb128 0xd
 1076 00b0 00       		.byte	0
 1077 00b1 03       		.uleb128 0x3
 1078 00b2 0E       		.uleb128 0xe
 1079 00b3 3A       		.uleb128 0x3a
 1080 00b4 0B       		.uleb128 0xb
 1081 00b5 3B       		.uleb128 0x3b
 1082 00b6 0B       		.uleb128 0xb
 1083 00b7 49       		.uleb128 0x49
 1084 00b8 13       		.uleb128 0x13
 1085 00b9 38       		.uleb128 0x38
 1086 00ba 0B       		.uleb128 0xb
 1087 00bb 00       		.byte	0
 1088 00bc 00       		.byte	0
 1089 00bd 10       		.uleb128 0x10
 1090 00be 15       		.uleb128 0x15
 1091 00bf 01       		.byte	0x1
 1092 00c0 27       		.uleb128 0x27
 1093 00c1 19       		.uleb128 0x19
 1094 00c2 01       		.uleb128 0x1
 1095 00c3 13       		.uleb128 0x13
 1096 00c4 00       		.byte	0
 1097 00c5 00       		.byte	0
 1098 00c6 11       		.uleb128 0x11
 1099 00c7 05       		.uleb128 0x5
 1100 00c8 00       		.byte	0
 1101 00c9 49       		.uleb128 0x49
 1102 00ca 13       		.uleb128 0x13
 1103 00cb 00       		.byte	0
 1104 00cc 00       		.byte	0
 1105 00cd 12       		.uleb128 0x12
 1106 00ce 2E       		.uleb128 0x2e
 1107 00cf 01       		.byte	0x1
 1108 00d0 3F       		.uleb128 0x3f
 1109 00d1 19       		.uleb128 0x19
 1110 00d2 03       		.uleb128 0x3
 1111 00d3 0E       		.uleb128 0xe
 1112 00d4 3A       		.uleb128 0x3a
 1113 00d5 0B       		.uleb128 0xb
 1114 00d6 3B       		.uleb128 0x3b
 1115 00d7 0B       		.uleb128 0xb
 1116 00d8 27       		.uleb128 0x27
 1117 00d9 19       		.uleb128 0x19
 1118 00da 11       		.uleb128 0x11
 1119 00db 01       		.uleb128 0x1
 1120 00dc 12       		.uleb128 0x12
 1121 00dd 06       		.uleb128 0x6
 1122 00de 40       		.uleb128 0x40
 1123 00df 18       		.uleb128 0x18
 1124 00e0 9742     		.uleb128 0x2117
 1125 00e2 19       		.uleb128 0x19
 1126 00e3 01       		.uleb128 0x1
 1127 00e4 13       		.uleb128 0x13
 1128 00e5 00       		.byte	0
 1129 00e6 00       		.byte	0
 1130 00e7 13       		.uleb128 0x13
ARM GAS  C:\Users\leander\AppData\Local\Temp\ccMTAbde.s 			page 22


 1131 00e8 05       		.uleb128 0x5
 1132 00e9 00       		.byte	0
 1133 00ea 03       		.uleb128 0x3
 1134 00eb 0E       		.uleb128 0xe
 1135 00ec 3A       		.uleb128 0x3a
 1136 00ed 0B       		.uleb128 0xb
 1137 00ee 3B       		.uleb128 0x3b
 1138 00ef 0B       		.uleb128 0xb
 1139 00f0 49       		.uleb128 0x49
 1140 00f1 13       		.uleb128 0x13
 1141 00f2 02       		.uleb128 0x2
 1142 00f3 17       		.uleb128 0x17
 1143 00f4 00       		.byte	0
 1144 00f5 00       		.byte	0
 1145 00f6 14       		.uleb128 0x14
 1146 00f7 34       		.uleb128 0x34
 1147 00f8 00       		.byte	0
 1148 00f9 03       		.uleb128 0x3
 1149 00fa 0E       		.uleb128 0xe
 1150 00fb 3A       		.uleb128 0x3a
 1151 00fc 0B       		.uleb128 0xb
 1152 00fd 3B       		.uleb128 0x3b
 1153 00fe 0B       		.uleb128 0xb
 1154 00ff 49       		.uleb128 0x49
 1155 0100 13       		.uleb128 0x13
 1156 0101 02       		.uleb128 0x2
 1157 0102 17       		.uleb128 0x17
 1158 0103 00       		.byte	0
 1159 0104 00       		.byte	0
 1160 0105 15       		.uleb128 0x15
 1161 0106 898201   		.uleb128 0x4109
 1162 0109 01       		.byte	0x1
 1163 010a 11       		.uleb128 0x11
 1164 010b 01       		.uleb128 0x1
 1165 010c 31       		.uleb128 0x31
 1166 010d 13       		.uleb128 0x13
 1167 010e 01       		.uleb128 0x1
 1168 010f 13       		.uleb128 0x13
 1169 0110 00       		.byte	0
 1170 0111 00       		.byte	0
 1171 0112 16       		.uleb128 0x16
 1172 0113 8A8201   		.uleb128 0x410a
 1173 0116 00       		.byte	0
 1174 0117 02       		.uleb128 0x2
 1175 0118 18       		.uleb128 0x18
 1176 0119 9142     		.uleb128 0x2111
 1177 011b 18       		.uleb128 0x18
 1178 011c 00       		.byte	0
 1179 011d 00       		.byte	0
 1180 011e 17       		.uleb128 0x17
 1181 011f 898201   		.uleb128 0x4109
 1182 0122 00       		.byte	0
 1183 0123 11       		.uleb128 0x11
 1184 0124 01       		.uleb128 0x1
 1185 0125 31       		.uleb128 0x31
 1186 0126 13       		.uleb128 0x13
 1187 0127 00       		.byte	0
ARM GAS  C:\Users\leander\AppData\Local\Temp\ccMTAbde.s 			page 23


 1188 0128 00       		.byte	0
 1189 0129 18       		.uleb128 0x18
 1190 012a 898201   		.uleb128 0x4109
 1191 012d 01       		.byte	0x1
 1192 012e 11       		.uleb128 0x11
 1193 012f 01       		.uleb128 0x1
 1194 0130 31       		.uleb128 0x31
 1195 0131 13       		.uleb128 0x13
 1196 0132 00       		.byte	0
 1197 0133 00       		.byte	0
 1198 0134 19       		.uleb128 0x19
 1199 0135 2E       		.uleb128 0x2e
 1200 0136 01       		.byte	0x1
 1201 0137 3F       		.uleb128 0x3f
 1202 0138 19       		.uleb128 0x19
 1203 0139 03       		.uleb128 0x3
 1204 013a 0E       		.uleb128 0xe
 1205 013b 3A       		.uleb128 0x3a
 1206 013c 0B       		.uleb128 0xb
 1207 013d 3B       		.uleb128 0x3b
 1208 013e 0B       		.uleb128 0xb
 1209 013f 49       		.uleb128 0x49
 1210 0140 13       		.uleb128 0x13
 1211 0141 11       		.uleb128 0x11
 1212 0142 01       		.uleb128 0x1
 1213 0143 12       		.uleb128 0x12
 1214 0144 06       		.uleb128 0x6
 1215 0145 40       		.uleb128 0x40
 1216 0146 18       		.uleb128 0x18
 1217 0147 9742     		.uleb128 0x2117
 1218 0149 19       		.uleb128 0x19
 1219 014a 01       		.uleb128 0x1
 1220 014b 13       		.uleb128 0x13
 1221 014c 00       		.byte	0
 1222 014d 00       		.byte	0
 1223 014e 1A       		.uleb128 0x1a
 1224 014f 2E       		.uleb128 0x2e
 1225 0150 01       		.byte	0x1
 1226 0151 3F       		.uleb128 0x3f
 1227 0152 19       		.uleb128 0x19
 1228 0153 03       		.uleb128 0x3
 1229 0154 0E       		.uleb128 0xe
 1230 0155 3A       		.uleb128 0x3a
 1231 0156 0B       		.uleb128 0xb
 1232 0157 3B       		.uleb128 0x3b
 1233 0158 05       		.uleb128 0x5
 1234 0159 27       		.uleb128 0x27
 1235 015a 19       		.uleb128 0x19
 1236 015b 49       		.uleb128 0x49
 1237 015c 13       		.uleb128 0x13
 1238 015d 3C       		.uleb128 0x3c
 1239 015e 19       		.uleb128 0x19
 1240 015f 01       		.uleb128 0x1
 1241 0160 13       		.uleb128 0x13
 1242 0161 00       		.byte	0
 1243 0162 00       		.byte	0
 1244 0163 1B       		.uleb128 0x1b
ARM GAS  C:\Users\leander\AppData\Local\Temp\ccMTAbde.s 			page 24


 1245 0164 2E       		.uleb128 0x2e
 1246 0165 01       		.byte	0x1
 1247 0166 3F       		.uleb128 0x3f
 1248 0167 19       		.uleb128 0x19
 1249 0168 03       		.uleb128 0x3
 1250 0169 0E       		.uleb128 0xe
 1251 016a 3A       		.uleb128 0x3a
 1252 016b 0B       		.uleb128 0xb
 1253 016c 3B       		.uleb128 0x3b
 1254 016d 0B       		.uleb128 0xb
 1255 016e 27       		.uleb128 0x27
 1256 016f 19       		.uleb128 0x19
 1257 0170 3C       		.uleb128 0x3c
 1258 0171 19       		.uleb128 0x19
 1259 0172 01       		.uleb128 0x1
 1260 0173 13       		.uleb128 0x13
 1261 0174 00       		.byte	0
 1262 0175 00       		.byte	0
 1263 0176 1C       		.uleb128 0x1c
 1264 0177 2E       		.uleb128 0x2e
 1265 0178 01       		.byte	0x1
 1266 0179 3F       		.uleb128 0x3f
 1267 017a 19       		.uleb128 0x19
 1268 017b 03       		.uleb128 0x3
 1269 017c 0E       		.uleb128 0xe
 1270 017d 3A       		.uleb128 0x3a
 1271 017e 0B       		.uleb128 0xb
 1272 017f 3B       		.uleb128 0x3b
 1273 0180 0B       		.uleb128 0xb
 1274 0181 3C       		.uleb128 0x3c
 1275 0182 19       		.uleb128 0x19
 1276 0183 01       		.uleb128 0x1
 1277 0184 13       		.uleb128 0x13
 1278 0185 00       		.byte	0
 1279 0186 00       		.byte	0
 1280 0187 1D       		.uleb128 0x1d
 1281 0188 18       		.uleb128 0x18
 1282 0189 00       		.byte	0
 1283 018a 00       		.byte	0
 1284 018b 00       		.byte	0
 1285 018c 1E       		.uleb128 0x1e
 1286 018d 2E       		.uleb128 0x2e
 1287 018e 00       		.byte	0
 1288 018f 3F       		.uleb128 0x3f
 1289 0190 19       		.uleb128 0x19
 1290 0191 03       		.uleb128 0x3
 1291 0192 0E       		.uleb128 0xe
 1292 0193 3A       		.uleb128 0x3a
 1293 0194 0B       		.uleb128 0xb
 1294 0195 3B       		.uleb128 0x3b
 1295 0196 05       		.uleb128 0x5
 1296 0197 27       		.uleb128 0x27
 1297 0198 19       		.uleb128 0x19
 1298 0199 3C       		.uleb128 0x3c
 1299 019a 19       		.uleb128 0x19
 1300 019b 00       		.byte	0
 1301 019c 00       		.byte	0
ARM GAS  C:\Users\leander\AppData\Local\Temp\ccMTAbde.s 			page 25


 1302 019d 00       		.byte	0
 1303              		.section	.debug_loc,"",%progbits
 1304              	.Ldebug_loc0:
 1305              	.LLST0:
 1306 0000 00000000 		.4byte	.LVL0
 1307 0004 14000000 		.4byte	.LVL2
 1308 0008 0100     		.2byte	0x1
 1309 000a 50       		.byte	0x50
 1310 000b 14000000 		.4byte	.LVL2
 1311 000f 32000000 		.4byte	.LVL7
 1312 0013 0400     		.2byte	0x4
 1313 0015 F3       		.byte	0xf3
 1314 0016 01       		.uleb128 0x1
 1315 0017 50       		.byte	0x50
 1316 0018 9F       		.byte	0x9f
 1317 0019 32000000 		.4byte	.LVL7
 1318 001d 34000000 		.4byte	.LVL8
 1319 0021 0100     		.2byte	0x1
 1320 0023 50       		.byte	0x50
 1321 0024 34000000 		.4byte	.LVL8
 1322 0028 3A000000 		.4byte	.LFE35
 1323 002c 0400     		.2byte	0x4
 1324 002e F3       		.byte	0xf3
 1325 002f 01       		.uleb128 0x1
 1326 0030 50       		.byte	0x50
 1327 0031 9F       		.byte	0x9f
 1328 0032 00000000 		.4byte	0
 1329 0036 00000000 		.4byte	0
 1330              	.LLST1:
 1331 003a 00000000 		.4byte	.LVL0
 1332 003e 16000000 		.4byte	.LVL3
 1333 0042 0100     		.2byte	0x1
 1334 0044 51       		.byte	0x51
 1335 0045 16000000 		.4byte	.LVL3
 1336 0049 32000000 		.4byte	.LVL7
 1337 004d 0100     		.2byte	0x1
 1338 004f 54       		.byte	0x54
 1339 0050 32000000 		.4byte	.LVL7
 1340 0054 37000000 		.4byte	.LVL9-1
 1341 0058 0100     		.2byte	0x1
 1342 005a 51       		.byte	0x51
 1343 005b 37000000 		.4byte	.LVL9-1
 1344 005f 38000000 		.4byte	.LVL10
 1345 0063 0100     		.2byte	0x1
 1346 0065 54       		.byte	0x54
 1347 0066 38000000 		.4byte	.LVL10
 1348 006a 3A000000 		.4byte	.LFE35
 1349 006e 0400     		.2byte	0x4
 1350 0070 F3       		.byte	0xf3
 1351 0071 01       		.uleb128 0x1
 1352 0072 51       		.byte	0x51
 1353 0073 9F       		.byte	0x9f
 1354 0074 00000000 		.4byte	0
 1355 0078 00000000 		.4byte	0
 1356              	.LLST2:
 1357 007c 12000000 		.4byte	.LVL1
 1358 0080 16000000 		.4byte	.LVL3
ARM GAS  C:\Users\leander\AppData\Local\Temp\ccMTAbde.s 			page 26


 1359 0084 0100     		.2byte	0x1
 1360 0086 51       		.byte	0x51
 1361 0087 16000000 		.4byte	.LVL3
 1362 008b 32000000 		.4byte	.LVL7
 1363 008f 0100     		.2byte	0x1
 1364 0091 54       		.byte	0x54
 1365 0092 00000000 		.4byte	0
 1366 0096 00000000 		.4byte	0
 1367              		.section	.debug_aranges,"",%progbits
 1368 0000 24000000 		.4byte	0x24
 1369 0004 0200     		.2byte	0x2
 1370 0006 00000000 		.4byte	.Ldebug_info0
 1371 000a 04       		.byte	0x4
 1372 000b 00       		.byte	0
 1373 000c 0000     		.2byte	0
 1374 000e 0000     		.2byte	0
 1375 0010 00000000 		.4byte	.LFB35
 1376 0014 3A000000 		.4byte	.LFE35-.LFB35
 1377 0018 00000000 		.4byte	.LFB36
 1378 001c 18000000 		.4byte	.LFE36-.LFB36
 1379 0020 00000000 		.4byte	0
 1380 0024 00000000 		.4byte	0
 1381              		.section	.debug_ranges,"",%progbits
 1382              	.Ldebug_ranges0:
 1383 0000 00000000 		.4byte	.LFB35
 1384 0004 3A000000 		.4byte	.LFE35
 1385 0008 00000000 		.4byte	.LFB36
 1386 000c 18000000 		.4byte	.LFE36
 1387 0010 00000000 		.4byte	0
 1388 0014 00000000 		.4byte	0
 1389              		.section	.debug_line,"",%progbits
 1390              	.Ldebug_line0:
 1391 0000 E9000000 		.section	.debug_str,"MS",%progbits,1
 1391      0200B500 
 1391      00000201 
 1391      FB0E0D00 
 1391      01010101 
 1392              	.LASF67:
 1393 0000 4359424C 		.ascii	"CYBLE_EVT_L2CAP_CBFC_RX_CREDIT_IND\000"
 1393      455F4556 
 1393      545F4C32 
 1393      4341505F 
 1393      43424643 
 1394              	.LASF21:
 1395 0023 4359424C 		.ascii	"CYBLE_EVT_STACK_BUSY_STATUS\000"
 1395      455F4556 
 1395      545F5354 
 1395      41434B5F 
 1395      42555359 
 1396              	.LASF12:
 1397 003f 75696E74 		.ascii	"uint16\000"
 1397      313600
 1398              	.LASF66:
 1399 0046 4359424C 		.ascii	"CYBLE_EVT_L2CAP_CBFC_DATA_READ\000"
 1399      455F4556 
 1399      545F4C32 
 1399      4341505F 
ARM GAS  C:\Users\leander\AppData\Local\Temp\ccMTAbde.s 			page 27


 1399      43424643 
 1400              	.LASF142:
 1401 0065 4359424C 		.ascii	"CYBLE_CONN_HANDLE_T\000"
 1401      455F434F 
 1401      4E4E5F48 
 1401      414E444C 
 1401      455F5400 
 1402              	.LASF114:
 1403 0079 4359424C 		.ascii	"CYBLE_GATT_ERR_INSUFFICIENT_ENC_KEY_SIZE\000"
 1403      455F4741 
 1403      54545F45 
 1403      52525F49 
 1403      4E535546 
 1404              	.LASF148:
 1405 00a2 636F6E6E 		.ascii	"connHandle\000"
 1405      48616E64 
 1405      6C6500
 1406              	.LASF76:
 1407 00ad 4359424C 		.ascii	"CYBLE_ERROR_MEMORY_ALLOCATION_FAILED\000"
 1407      455F4552 
 1407      524F525F 
 1407      4D454D4F 
 1407      52595F41 
 1408              	.LASF108:
 1409 00d2 4359424C 		.ascii	"CYBLE_GATT_ERR_REQUEST_NOT_SUPPORTED\000"
 1409      455F4741 
 1409      54545F45 
 1409      52525F52 
 1409      45515545 
 1410              	.LASF103:
 1411 00f7 4359424C 		.ascii	"CYBLE_GATT_ERR_INVALID_HANDLE\000"
 1411      455F4741 
 1411      54545F45 
 1411      52525F49 
 1411      4E56414C 
 1412              	.LASF32:
 1413 0115 4359424C 		.ascii	"CYBLE_EVT_GAP_CONNECTION_UPDATE_COMPLETE\000"
 1413      455F4556 
 1413      545F4741 
 1413      505F434F 
 1413      4E4E4543 
 1414              	.LASF65:
 1415 013e 4359424C 		.ascii	"CYBLE_EVT_L2CAP_CBFC_DISCONN_CNF\000"
 1415      455F4556 
 1415      545F4C32 
 1415      4341505F 
 1415      43424643 
 1416              	.LASF46:
 1417 015f 4359424C 		.ascii	"CYBLE_EVT_GATTC_READ_MULTI_RSP\000"
 1417      455F4556 
 1417      545F4741 
 1417      5454435F 
 1417      52454144 
 1418              	.LASF51:
 1419 017e 4359424C 		.ascii	"CYBLE_EVT_GATTS_EXEC_WRITE_REQ\000"
 1419      455F4556 
 1419      545F4741 
ARM GAS  C:\Users\leander\AppData\Local\Temp\ccMTAbde.s 			page 28


 1419      5454535F 
 1419      45584543 
 1420              	.LASF97:
 1421 019d 4359424C 		.ascii	"CYBLE_ERROR_NTF_DISABLED\000"
 1421      455F4552 
 1421      524F525F 
 1421      4E54465F 
 1421      44495341 
 1422              	.LASF18:
 1423 01b6 4359424C 		.ascii	"CYBLE_EVT_TIMEOUT\000"
 1423      455F4556 
 1423      545F5449 
 1423      4D454F55 
 1423      5400
 1424              	.LASF4:
 1425 01c8 6C6F6E67 		.ascii	"long int\000"
 1425      20696E74 
 1425      00
 1426              	.LASF86:
 1427 01d1 4359424C 		.ascii	"CYBLE_ERROR_L2CAP_PSM_WRONG_ENCODING\000"
 1427      455F4552 
 1427      524F525F 
 1427      4C324341 
 1427      505F5053 
 1428              	.LASF144:
 1429 01f6 4359424C 		.ascii	"CYBLE_GATT_VALUE_T\000"
 1429      455F4741 
 1429      54545F56 
 1429      414C5545 
 1429      5F5400
 1430              	.LASF20:
 1431 0209 4359424C 		.ascii	"CYBLE_EVT_HCI_STATUS\000"
 1431      455F4556 
 1431      545F4843 
 1431      495F5354 
 1431      41545553 
 1432              	.LASF128:
 1433 021e 4359424C 		.ascii	"CYBLE_GATTS_ERR_OPERATION_FAILED\000"
 1433      455F4741 
 1433      5454535F 
 1433      4552525F 
 1433      4F504552 
 1434              	.LASF33:
 1435 023f 4359424C 		.ascii	"CYBLE_EVT_GAPC_SCAN_START_STOP\000"
 1435      455F4556 
 1435      545F4741 
 1435      50435F53 
 1435      43414E5F 
 1436              	.LASF70:
 1437 025e 4359424C 		.ascii	"CYBLE_EVT_PENDING_FLASH_WRITE\000"
 1437      455F4556 
 1437      545F5045 
 1437      4E44494E 
 1437      475F464C 
 1438              	.LASF85:
 1439 027c 4359424C 		.ascii	"CYBLE_ERROR_SEC_FAILED\000"
 1439      455F4552 
ARM GAS  C:\Users\leander\AppData\Local\Temp\ccMTAbde.s 			page 29


 1439      524F525F 
 1439      5345435F 
 1439      4641494C 
 1440              	.LASF31:
 1441 0293 4359424C 		.ascii	"CYBLE_EVT_GAP_ENCRYPT_CHANGE\000"
 1441      455F4556 
 1441      545F4741 
 1441      505F454E 
 1441      43525950 
 1442              	.LASF132:
 1443 02b0 4359424C 		.ascii	"CYBLE_GATT_ERR_ANCS_INVALID_COMMAND\000"
 1443      455F4741 
 1443      54545F45 
 1443      52525F41 
 1443      4E43535F 
 1444              	.LASF125:
 1445 02d4 4359424C 		.ascii	"CYBLE_GATT_ERR_OP_CODE_NOT_SUPPORTED\000"
 1445      455F4741 
 1445      54545F45 
 1445      52525F4F 
 1445      505F434F 
 1446              	.LASF107:
 1447 02f9 4359424C 		.ascii	"CYBLE_GATT_ERR_INSUFFICIENT_AUTHENTICATION\000"
 1447      455F4741 
 1447      54545F45 
 1447      52525F49 
 1447      4E535546 
 1448              	.LASF6:
 1449 0324 6C6F6E67 		.ascii	"long long int\000"
 1449      206C6F6E 
 1449      6720696E 
 1449      7400
 1450              	.LASF0:
 1451 0332 7369676E 		.ascii	"signed char\000"
 1451      65642063 
 1451      68617200 
 1452              	.LASF17:
 1453 033e 4359424C 		.ascii	"CYBLE_EVT_STACK_ON\000"
 1453      455F4556 
 1453      545F5354 
 1453      41434B5F 
 1453      4F4E00
 1454              	.LASF93:
 1455 0351 4359424C 		.ascii	"CYBLE_ERROR_DEVICE_ALREADY_EXISTS\000"
 1455      455F4552 
 1455      524F525F 
 1455      44455649 
 1455      43455F41 
 1456              	.LASF80:
 1457 0373 4359424C 		.ascii	"CYBLE_ERROR_NO_DEVICE_ENTITY\000"
 1457      455F4552 
 1457      524F525F 
 1457      4E4F5F44 
 1457      45564943 
 1458              	.LASF143:
 1459 0390 61637475 		.ascii	"actualLen\000"
 1459      616C4C65 
ARM GAS  C:\Users\leander\AppData\Local\Temp\ccMTAbde.s 			page 30


 1459      6E00
 1460              	.LASF23:
 1461 039a 4359424C 		.ascii	"CYBLE_EVT_GAP_AUTH_REQ\000"
 1461      455F4556 
 1461      545F4741 
 1461      505F4155 
 1461      54485F52 
 1462              	.LASF44:
 1463 03b1 4359424C 		.ascii	"CYBLE_EVT_GATTC_READ_RSP\000"
 1463      455F4556 
 1463      545F4741 
 1463      5454435F 
 1463      52454144 
 1464              	.LASF106:
 1465 03ca 4359424C 		.ascii	"CYBLE_GATT_ERR_INVALID_PDU\000"
 1465      455F4741 
 1465      54545F45 
 1465      52525F49 
 1465      4E56414C 
 1466              	.LASF100:
 1467 03e5 4359424C 		.ascii	"CYBLE_ERROR_INVALID_STATE\000"
 1467      455F4552 
 1467      524F525F 
 1467      494E5641 
 1467      4C49445F 
 1468              	.LASF49:
 1469 03ff 4359424C 		.ascii	"CYBLE_EVT_GATTS_WRITE_CMD_REQ\000"
 1469      455F4556 
 1469      545F4741 
 1469      5454535F 
 1469      57524954 
 1470              	.LASF28:
 1471 041d 4359424C 		.ascii	"CYBLE_EVT_GAPP_ADVERTISEMENT_START_STOP\000"
 1471      455F4556 
 1471      545F4741 
 1471      50505F41 
 1471      44564552 
 1472              	.LASF91:
 1473 0445 4359424C 		.ascii	"CYBLE_ERROR_L2CAP_PSM_NOT_IN_RANGE\000"
 1473      455F4552 
 1473      524F525F 
 1473      4C324341 
 1473      505F5053 
 1474              	.LASF11:
 1475 0468 75696E74 		.ascii	"uint8\000"
 1475      3800
 1476              	.LASF52:
 1477 046e 4359424C 		.ascii	"CYBLE_EVT_GATTC_EXEC_WRITE_RSP\000"
 1477      455F4556 
 1477      545F4741 
 1477      5454435F 
 1477      45584543 
 1478              	.LASF15:
 1479 048d 646F7562 		.ascii	"double\000"
 1479      6C6500
 1480              	.LASF64:
 1481 0494 4359424C 		.ascii	"CYBLE_EVT_L2CAP_CBFC_DISCONN_IND\000"
ARM GAS  C:\Users\leander\AppData\Local\Temp\ccMTAbde.s 			page 31


 1481      455F4556 
 1481      545F4C32 
 1481      4341505F 
 1481      43424643 
 1482              	.LASF74:
 1483 04b5 4359424C 		.ascii	"CYBLE_ERROR_INVALID_PARAMETER\000"
 1483      455F4552 
 1483      524F525F 
 1483      494E5641 
 1483      4C49445F 
 1484              	.LASF118:
 1485 04d3 4359424C 		.ascii	"CYBLE_GATT_ERR_UNSUPPORTED_GROUP_TYPE\000"
 1485      455F4741 
 1485      54545F45 
 1485      52525F55 
 1485      4E535550 
 1486              	.LASF13:
 1487 04f9 75696E74 		.ascii	"uint32\000"
 1487      333200
 1488              	.LASF105:
 1489 0500 4359424C 		.ascii	"CYBLE_GATT_ERR_WRITE_NOT_PERMITTED\000"
 1489      455F4741 
 1489      54545F45 
 1489      52525F57 
 1489      52495445 
 1490              	.LASF72:
 1491 0523 4359424C 		.ascii	"CYBLE_EVT_MAX\000"
 1491      455F4556 
 1491      545F4D41 
 1491      5800
 1492              	.LASF73:
 1493 0531 4359424C 		.ascii	"CYBLE_ERROR_OK\000"
 1493      455F4552 
 1493      524F525F 
 1493      4F4B00
 1494              	.LASF102:
 1495 0540 4359424C 		.ascii	"CYBLE_GATT_ERR_NONE\000"
 1495      455F4741 
 1495      54545F45 
 1495      52525F4E 
 1495      4F4E4500 
 1496              	.LASF59:
 1497 0554 4359424C 		.ascii	"CYBLE_EVT_L2CAP_CONN_PARAM_UPDATE_REQ\000"
 1497      455F4556 
 1497      545F4C32 
 1497      4341505F 
 1497      434F4E4E 
 1498              	.LASF104:
 1499 057a 4359424C 		.ascii	"CYBLE_GATT_ERR_READ_NOT_PERMITTED\000"
 1499      455F4741 
 1499      54545F45 
 1499      52525F52 
 1499      4541445F 
 1500              	.LASF69:
 1501 059c 4359424C 		.ascii	"CYBLE_EVT_L2CAP_CBFC_DATA_WRITE_IND\000"
 1501      455F4556 
 1501      545F4C32 
ARM GAS  C:\Users\leander\AppData\Local\Temp\ccMTAbde.s 			page 32


 1501      4341505F 
 1501      43424643 
 1502              	.LASF146:
 1503 05c0 61747472 		.ascii	"attrHandle\000"
 1503      48616E64 
 1503      6C6500
 1504              	.LASF7:
 1505 05cb 6C6F6E67 		.ascii	"long long unsigned int\000"
 1505      206C6F6E 
 1505      6720756E 
 1505      7369676E 
 1505      65642069 
 1506              	.LASF164:
 1507 05e2 636F6E74 		.ascii	"control_update\000"
 1507      726F6C5F 
 1507      75706461 
 1507      746500
 1508              	.LASF156:
 1509 05f1 4379426C 		.ascii	"CyBle_GattsWriteAttributeValue\000"
 1509      655F4761 
 1509      74747357 
 1509      72697465 
 1509      41747472 
 1510              	.LASF57:
 1511 0610 4359424C 		.ascii	"CYBLE_EVT_GATTC_STOP_CMD_COMPLETE\000"
 1511      455F4556 
 1511      545F4741 
 1511      5454435F 
 1511      53544F50 
 1512              	.LASF78:
 1513 0632 4359424C 		.ascii	"CYBLE_ERROR_OOB_NOT_AVAILABLE\000"
 1513      455F4552 
 1513      524F525F 
 1513      4F4F425F 
 1513      4E4F545F 
 1514              	.LASF71:
 1515 0650 4359424C 		.ascii	"CYBLE_EVT_LE_PING_AUTH_TIMEOUT\000"
 1515      455F4556 
 1515      545F4C45 
 1515      5F50494E 
 1515      475F4155 
 1516              	.LASF129:
 1517 066f 4359424C 		.ascii	"CYBLE_GATT_ERR_INVALID_CRC\000"
 1517      455F4741 
 1517      54545F45 
 1517      52525F49 
 1517      4E56414C 
 1518              	.LASF124:
 1519 068a 4359424C 		.ascii	"CYBLE_GATTS_ERR_PROCEDURE_ALREADY_IN_PROGRESS\000"
 1519      455F4741 
 1519      5454535F 
 1519      4552525F 
 1519      50524F43 
 1520              	.LASF87:
 1521 06b8 4359424C 		.ascii	"CYBLE_ERROR_L2CAP_PSM_ALREADY_REGISTERED\000"
 1521      455F4552 
 1521      524F525F 
ARM GAS  C:\Users\leander\AppData\Local\Temp\ccMTAbde.s 			page 33


 1521      4C324341 
 1521      505F5053 
 1522              	.LASF5:
 1523 06e1 6C6F6E67 		.ascii	"long unsigned int\000"
 1523      20756E73 
 1523      69676E65 
 1523      6420696E 
 1523      7400
 1524              	.LASF112:
 1525 06f3 4359424C 		.ascii	"CYBLE_GATT_ERR_ATTRIBUTE_NOT_FOUND\000"
 1525      455F4741 
 1525      54545F45 
 1525      52525F41 
 1525      54545249 
 1526              	.LASF47:
 1527 0716 4359424C 		.ascii	"CYBLE_EVT_GATTS_WRITE_REQ\000"
 1527      455F4556 
 1527      545F4741 
 1527      5454535F 
 1527      57524954 
 1528              	.LASF39:
 1529 0730 4359424C 		.ascii	"CYBLE_EVT_GATTC_XCHNG_MTU_RSP\000"
 1529      455F4556 
 1529      545F4741 
 1529      5454435F 
 1529      5843484E 
 1530              	.LASF56:
 1531 074e 4359424C 		.ascii	"CYBLE_EVT_GATTS_DATA_SIGNED_CMD_REQ\000"
 1531      455F4556 
 1531      545F4741 
 1531      5454535F 
 1531      44415441 
 1532              	.LASF90:
 1533 0772 4359424C 		.ascii	"CYBLE_ERROR_L2CAP_CHANNEL_NOT_FOUND\000"
 1533      455F4552 
 1533      524F525F 
 1533      4C324341 
 1533      505F4348 
 1534              	.LASF152:
 1535 0796 6576656E 		.ascii	"event\000"
 1535      7400
 1536              	.LASF113:
 1537 079c 4359424C 		.ascii	"CYBLE_GATT_ERR_ATTRIBUTE_NOT_LONG\000"
 1537      455F4741 
 1537      54545F45 
 1537      52525F41 
 1537      54545249 
 1538              	.LASF16:
 1539 07be 4359424C 		.ascii	"CYBLE_EVT_HOST_INVALID\000"
 1539      455F4556 
 1539      545F484F 
 1539      53545F49 
 1539      4E56414C 
 1540              	.LASF42:
 1541 07d5 4359424C 		.ascii	"CYBLE_EVT_GATTC_FIND_INFO_RSP\000"
 1541      455F4556 
 1541      545F4741 
ARM GAS  C:\Users\leander\AppData\Local\Temp\ccMTAbde.s 			page 34


 1541      5454435F 
 1541      46494E44 
 1542              	.LASF131:
 1543 07f3 4359424C 		.ascii	"CYBLE_GATT_ERR_ANCS_UNKNOWN_COMMAND\000"
 1543      455F4741 
 1543      54545F45 
 1543      52525F41 
 1543      4E43535F 
 1544              	.LASF24:
 1545 0817 4359424C 		.ascii	"CYBLE_EVT_GAP_PASSKEY_ENTRY_REQUEST\000"
 1545      455F4556 
 1545      545F4741 
 1545      505F5041 
 1545      53534B45 
 1546              	.LASF29:
 1547 083b 4359424C 		.ascii	"CYBLE_EVT_GAP_DEVICE_CONNECTED\000"
 1547      455F4556 
 1547      545F4741 
 1547      505F4445 
 1547      56494345 
 1548              	.LASF159:
 1549 085a 4379426C 		.ascii	"CyBle_Start\000"
 1549      655F5374 
 1549      61727400 
 1550              	.LASF138:
 1551 0866 4359424C 		.ascii	"CYBLE_GATT_ERR_CODE_T\000"
 1551      455F4741 
 1551      54545F45 
 1551      52525F43 
 1551      4F44455F 
 1552              	.LASF123:
 1553 087c 4359424C 		.ascii	"CYBLE_GATT_ERR_HTS_OUT_OF_RANGE\000"
 1553      455F4741 
 1553      54545F45 
 1553      52525F48 
 1553      54535F4F 
 1554              	.LASF25:
 1555 089c 4359424C 		.ascii	"CYBLE_EVT_GAP_PASSKEY_DISPLAY_REQUEST\000"
 1555      455F4556 
 1555      545F4741 
 1555      505F5041 
 1555      53534B45 
 1556              	.LASF36:
 1557 08c2 4359424C 		.ascii	"CYBLE_EVT_GATT_CONNECT_IND\000"
 1557      455F4556 
 1557      545F4741 
 1557      54545F43 
 1557      4F4E4E45 
 1558              	.LASF141:
 1559 08dd 61747449 		.ascii	"attId\000"
 1559      6400
 1560              	.LASF61:
 1561 08e3 4359424C 		.ascii	"CYBLE_EVT_L2CAP_COMMAND_REJ\000"
 1561      455F4556 
 1561      545F4C32 
 1561      4341505F 
 1561      434F4D4D 
ARM GAS  C:\Users\leander\AppData\Local\Temp\ccMTAbde.s 			page 35


 1562              	.LASF122:
 1563 08ff 4359424C 		.ascii	"CYBLE_GATT_ERR_CPS_INAPPROPRIATE_CONNECTION_PARAMET"
 1563      455F4741 
 1563      54545F45 
 1563      52525F43 
 1563      50535F49 
 1564 0932 45525300 		.ascii	"ERS\000"
 1565              	.LASF22:
 1566 0936 4359424C 		.ascii	"CYBLE_EVT_GAPC_SCAN_PROGRESS_RESULT\000"
 1566      455F4556 
 1566      545F4741 
 1566      50435F53 
 1566      43414E5F 
 1567              	.LASF166:
 1568 095a 4379426C 		.ascii	"CyBle_ProcessEvents\000"
 1568      655F5072 
 1568      6F636573 
 1568      73457665 
 1568      6E747300 
 1569              	.LASF96:
 1570 096e 4359424C 		.ascii	"CYBLE_ERROR_MAX\000"
 1570      455F4552 
 1570      524F525F 
 1570      4D415800 
 1571              	.LASF62:
 1572 097e 4359424C 		.ascii	"CYBLE_EVT_L2CAP_CBFC_CONN_IND\000"
 1572      455F4556 
 1572      545F4C32 
 1572      4341505F 
 1572      43424643 
 1573              	.LASF41:
 1574 099c 4359424C 		.ascii	"CYBLE_EVT_GATTC_READ_BY_TYPE_RSP\000"
 1574      455F4556 
 1574      545F4741 
 1574      5454435F 
 1574      52454144 
 1575              	.LASF9:
 1576 09bd 73697A65 		.ascii	"sizetype\000"
 1576      74797065 
 1576      00
 1577              	.LASF119:
 1578 09c6 4359424C 		.ascii	"CYBLE_GATT_ERR_INSUFFICIENT_RESOURCE\000"
 1578      455F4741 
 1578      54545F45 
 1578      52525F49 
 1578      4E535546 
 1579              	.LASF150:
 1580 09eb 4359424C 		.ascii	"CYBLE_GATTS_WRITE_REQ_PARAM_T\000"
 1580      455F4741 
 1580      5454535F 
 1580      57524954 
 1580      455F5245 
 1581              	.LASF27:
 1582 0a09 4359424C 		.ascii	"CYBLE_EVT_GAP_AUTH_FAILED\000"
 1582      455F4556 
 1582      545F4741 
 1582      505F4155 
ARM GAS  C:\Users\leander\AppData\Local\Temp\ccMTAbde.s 			page 36


 1582      54485F46 
 1583              	.LASF48:
 1584 0a23 4359424C 		.ascii	"CYBLE_EVT_GATTC_WRITE_RSP\000"
 1584      455F4556 
 1584      545F4741 
 1584      5454435F 
 1584      57524954 
 1585              	.LASF161:
 1586 0a3d 2E5C6D61 		.ascii	".\\main.c\000"
 1586      696E2E63 
 1586      00
 1587              	.LASF165:
 1588 0a46 636F6E74 		.ascii	"control_init\000"
 1588      726F6C5F 
 1588      696E6974 
 1588      00
 1589              	.LASF26:
 1590 0a53 4359424C 		.ascii	"CYBLE_EVT_GAP_AUTH_COMPLETE\000"
 1590      455F4556 
 1590      545F4741 
 1590      505F4155 
 1590      54485F43 
 1591              	.LASF101:
 1592 0a6f 4359424C 		.ascii	"CYBLE_API_RESULT_T\000"
 1592      455F4150 
 1592      495F5245 
 1592      53554C54 
 1592      5F5400
 1593              	.LASF53:
 1594 0a82 4359424C 		.ascii	"CYBLE_EVT_GATTC_HANDLE_VALUE_NTF\000"
 1594      455F4556 
 1594      545F4741 
 1594      5454435F 
 1594      48414E44 
 1595              	.LASF98:
 1596 0aa3 4359424C 		.ascii	"CYBLE_ERROR_IND_DISABLED\000"
 1596      455F4552 
 1596      524F525F 
 1596      494E445F 
 1596      44495341 
 1597              	.LASF147:
 1598 0abc 4359424C 		.ascii	"CYBLE_GATT_HANDLE_VALUE_PAIR_T\000"
 1598      455F4741 
 1598      54545F48 
 1598      414E444C 
 1598      455F5641 
 1599              	.LASF63:
 1600 0adb 4359424C 		.ascii	"CYBLE_EVT_L2CAP_CBFC_CONN_CNF\000"
 1600      455F4556 
 1600      545F4C32 
 1600      4341505F 
 1600      43424643 
 1601              	.LASF133:
 1602 0af9 4359424C 		.ascii	"CYBLE_GATT_ERR_ANCS_INVALID_PARAMETER\000"
 1602      455F4741 
 1602      54545F45 
 1602      52525F41 
ARM GAS  C:\Users\leander\AppData\Local\Temp\ccMTAbde.s 			page 37


 1602      4E43535F 
 1603              	.LASF40:
 1604 0b1f 4359424C 		.ascii	"CYBLE_EVT_GATTC_READ_BY_GROUP_TYPE_RSP\000"
 1604      455F4556 
 1604      545F4741 
 1604      5454435F 
 1604      52454144 
 1605              	.LASF14:
 1606 0b46 666C6F61 		.ascii	"float\000"
 1606      7400
 1607              	.LASF111:
 1608 0b4c 4359424C 		.ascii	"CYBLE_GATT_ERR_PREPARE_WRITE_QUEUE_FULL\000"
 1608      455F4741 
 1608      54545F45 
 1608      52525F50 
 1608      52455041 
 1609              	.LASF158:
 1610 0b74 4379426C 		.ascii	"CyBle_GappStartAdvertisement\000"
 1610      655F4761 
 1610      70705374 
 1610      61727441 
 1610      64766572 
 1611              	.LASF83:
 1612 0b91 4359424C 		.ascii	"CYBLE_ERROR_TX_POWER_READ\000"
 1612      455F4552 
 1612      524F525F 
 1612      54585F50 
 1612      4F574552 
 1613              	.LASF99:
 1614 0bab 4359424C 		.ascii	"CYBLE_ERROR_CHAR_IS_NOT_DISCOVERED\000"
 1614      455F4552 
 1614      524F525F 
 1614      43484152 
 1614      5F49535F 
 1615              	.LASF110:
 1616 0bce 4359424C 		.ascii	"CYBLE_GATT_ERR_INSUFFICIENT_AUTHORIZATION\000"
 1616      455F4741 
 1616      54545F45 
 1616      52525F49 
 1616      4E535546 
 1617              	.LASF137:
 1618 0bf8 4359424C 		.ascii	"CYBLE_GATT_ERR_OUT_OF_RANGE\000"
 1618      455F4741 
 1618      54545F45 
 1618      52525F4F 
 1618      55545F4F 
 1619              	.LASF1:
 1620 0c14 756E7369 		.ascii	"unsigned char\000"
 1620      676E6564 
 1620      20636861 
 1620      7200
 1621              	.LASF115:
 1622 0c22 4359424C 		.ascii	"CYBLE_GATT_ERR_INVALID_ATTRIBUTE_LEN\000"
 1622      455F4741 
 1622      54545F45 
 1622      52525F49 
 1622      4E56414C 
ARM GAS  C:\Users\leander\AppData\Local\Temp\ccMTAbde.s 			page 38


 1623              	.LASF127:
 1624 0c47 4359424C 		.ascii	"CYBLE_GATTS_ERR_CCCD_IMPROPERLY_CONFIGURED\000"
 1624      455F4741 
 1624      5454535F 
 1624      4552525F 
 1624      43434344 
 1625              	.LASF160:
 1626 0c72 474E5520 		.ascii	"GNU C 4.9.3 20150303 (release) [ARM/embedded-4_9-br"
 1626      4320342E 
 1626      392E3320 
 1626      32303135 
 1626      30333033 
 1627 0ca5 616E6368 		.ascii	"anch revision 221220] -mcpu=cortex-m0 -mthumb -g -O"
 1627      20726576 
 1627      6973696F 
 1627      6E203232 
 1627      31323230 
 1628 0cd8 67202D66 		.ascii	"g -ffunction-sections -ffat-lto-objects\000"
 1628      66756E63 
 1628      74696F6E 
 1628      2D736563 
 1628      74696F6E 
 1629              	.LASF2:
 1630 0d00 73686F72 		.ascii	"short int\000"
 1630      7420696E 
 1630      7400
 1631              	.LASF54:
 1632 0d0a 4359424C 		.ascii	"CYBLE_EVT_GATTC_HANDLE_VALUE_IND\000"
 1632      455F4556 
 1632      545F4741 
 1632      5454435F 
 1632      48414E44 
 1633              	.LASF126:
 1634 0d2b 4359424C 		.ascii	"CYBLE_GATT_ERR_MISSING_CRC\000"
 1634      455F4741 
 1634      54545F45 
 1634      52525F4D 
 1634      49535349 
 1635              	.LASF79:
 1636 0d46 4359424C 		.ascii	"CYBLE_ERROR_NO_CONNECTION\000"
 1636      455F4552 
 1636      524F525F 
 1636      4E4F5F43 
 1636      4F4E4E45 
 1637              	.LASF130:
 1638 0d60 4359424C 		.ascii	"CYBLE_GATT_ERR_ANS_COMMAND_NOT_SUPPORTED\000"
 1638      455F4741 
 1638      54545F45 
 1638      52525F41 
 1638      4E535F43 
 1639              	.LASF50:
 1640 0d89 4359424C 		.ascii	"CYBLE_EVT_GATTS_PREP_WRITE_REQ\000"
 1640      455F4556 
 1640      545F4741 
 1640      5454535F 
 1640      50524550 
 1641              	.LASF145:
ARM GAS  C:\Users\leander\AppData\Local\Temp\ccMTAbde.s 			page 39


 1642 0da8 76616C75 		.ascii	"value\000"
 1642      6500
 1643              	.LASF162:
 1644 0dae 433A5C55 		.ascii	"C:\\Users\\leander\\Documents\\PSoC Creator\\car_v2"
 1644      73657273 
 1644      5C6C6561 
 1644      6E646572 
 1644      5C446F63 
 1645 0ddc 5C6D6F74 		.ascii	"\\motor_control.cydsn\000"
 1645      6F725F63 
 1645      6F6E7472 
 1645      6F6C2E63 
 1645      7964736E 
 1646              	.LASF55:
 1647 0df1 4359424C 		.ascii	"CYBLE_EVT_GATTS_HANDLE_VALUE_CNF\000"
 1647      455F4556 
 1647      545F4741 
 1647      5454535F 
 1647      48414E44 
 1648              	.LASF135:
 1649 0e12 4359424C 		.ascii	"CYBLE_GATT_ERR_CCCD_IMPROPERLY_CONFIGURED\000"
 1649      455F4741 
 1649      54545F45 
 1649      52525F43 
 1649      4343445F 
 1650              	.LASF120:
 1651 0e3c 4359424C 		.ascii	"CYBLE_GATT_ERR_HEART_RATE_CONTROL_POINT_NOT_SUPPORT"
 1651      455F4741 
 1651      54545F45 
 1651      52525F48 
 1651      45415254 
 1652 0e6f 454400   		.ascii	"ED\000"
 1653              	.LASF10:
 1654 0e72 63686172 		.ascii	"char\000"
 1654      00
 1655              	.LASF84:
 1656 0e77 4359424C 		.ascii	"CYBLE_ERROR_BT_ON_NOT_COMPLETED\000"
 1656      455F4552 
 1656      524F525F 
 1656      42545F4F 
 1656      4E5F4E4F 
 1657              	.LASF30:
 1658 0e97 4359424C 		.ascii	"CYBLE_EVT_GAP_DEVICE_DISCONNECTED\000"
 1658      455F4556 
 1658      545F4741 
 1658      505F4445 
 1658      56494345 
 1659              	.LASF8:
 1660 0eb9 756E7369 		.ascii	"unsigned int\000"
 1660      676E6564 
 1660      20696E74 
 1660      00
 1661              	.LASF58:
 1662 0ec6 4359424C 		.ascii	"CYBLE_EVT_GATTS_READ_CHAR_VAL_ACCESS_REQ\000"
 1662      455F4556 
 1662      545F4741 
 1662      5454535F 
ARM GAS  C:\Users\leander\AppData\Local\Temp\ccMTAbde.s 			page 40


 1662      52454144 
 1663              	.LASF68:
 1664 0eef 4359424C 		.ascii	"CYBLE_EVT_L2CAP_CBFC_TX_CREDIT_IND\000"
 1664      455F4556 
 1664      545F4C32 
 1664      4341505F 
 1664      43424643 
 1665              	.LASF116:
 1666 0f12 4359424C 		.ascii	"CYBLE_GATT_ERR_UNLIKELY_ERROR\000"
 1666      455F4741 
 1666      54545F45 
 1666      52525F55 
 1666      4E4C494B 
 1667              	.LASF134:
 1668 0f30 4359424C 		.ascii	"CYBLE_GATT_ERR_ANCS_ACTION_FAILED\000"
 1668      455F4741 
 1668      54545F45 
 1668      52525F41 
 1668      4E43535F 
 1669              	.LASF94:
 1670 0f52 4359424C 		.ascii	"CYBLE_ERROR_FLASH_WRITE_NOT_PERMITED\000"
 1670      455F4552 
 1670      524F525F 
 1670      464C4153 
 1670      485F5752 
 1671              	.LASF89:
 1672 0f77 4359424C 		.ascii	"CYBLE_ERROR_L2CAP_CONNECTION_ENTITY_NOT_FOUND\000"
 1672      455F4552 
 1672      524F525F 
 1672      4C324341 
 1672      505F434F 
 1673              	.LASF136:
 1674 0fa5 4359424C 		.ascii	"CYBLE_GATT_ERR_PROCEDURE_ALREADY_IN_PROGRESS\000"
 1674      455F4741 
 1674      54545F45 
 1674      52525F50 
 1674      524F4345 
 1675              	.LASF19:
 1676 0fd2 4359424C 		.ascii	"CYBLE_EVT_HARDWARE_ERROR\000"
 1676      455F4556 
 1676      545F4841 
 1676      52445741 
 1676      52455F45 
 1677              	.LASF3:
 1678 0feb 73686F72 		.ascii	"short unsigned int\000"
 1678      7420756E 
 1678      7369676E 
 1678      65642069 
 1678      6E7400
 1679              	.LASF35:
 1680 0ffe 4359424C 		.ascii	"CYBLE_EVT_GATTC_ERROR_RSP\000"
 1680      455F4556 
 1680      545F4741 
 1680      5454435F 
 1680      4552524F 
 1681              	.LASF149:
 1682 1018 68616E64 		.ascii	"handleValPair\000"
ARM GAS  C:\Users\leander\AppData\Local\Temp\ccMTAbde.s 			page 41


 1682      6C655661 
 1682      6C506169 
 1682      7200
 1683              	.LASF75:
 1684 1026 4359424C 		.ascii	"CYBLE_ERROR_INVALID_OPERATION\000"
 1684      455F4552 
 1684      524F525F 
 1684      494E5641 
 1684      4C49445F 
 1685              	.LASF121:
 1686 1044 4359424C 		.ascii	"CYBLE_GATT_ERR_USER_DATA_ACCESS_NOT_PERMITTED\000"
 1686      455F4741 
 1686      54545F45 
 1686      52525F55 
 1686      5345525F 
 1687              	.LASF117:
 1688 1072 4359424C 		.ascii	"CYBLE_GATT_ERR_INSUFFICIENT_ENCRYPTION\000"
 1688      455F4741 
 1688      54545F45 
 1688      52525F49 
 1688      4E535546 
 1689              	.LASF151:
 1690 1099 4359424C 		.ascii	"CYBLE_CALLBACK_T\000"
 1690      455F4341 
 1690      4C4C4241 
 1690      434B5F54 
 1690      00
 1691              	.LASF38:
 1692 10aa 4359424C 		.ascii	"CYBLE_EVT_GATTS_XCNHG_MTU_REQ\000"
 1692      455F4556 
 1692      545F4741 
 1692      5454535F 
 1692      58434E48 
 1693              	.LASF153:
 1694 10c8 6576656E 		.ascii	"eventParam\000"
 1694      74506172 
 1694      616D00
 1695              	.LASF163:
 1696 10d3 77725F72 		.ascii	"wr_req_param\000"
 1696      65715F70 
 1696      6172616D 
 1696      00
 1697              	.LASF77:
 1698 10e0 4359424C 		.ascii	"CYBLE_ERROR_INSUFFICIENT_RESOURCES\000"
 1698      455F4552 
 1698      524F525F 
 1698      494E5355 
 1698      46464943 
 1699              	.LASF45:
 1700 1103 4359424C 		.ascii	"CYBLE_EVT_GATTC_READ_BLOB_RSP\000"
 1700      455F4556 
 1700      545F4741 
 1700      5454435F 
 1700      52454144 
 1701              	.LASF109:
 1702 1121 4359424C 		.ascii	"CYBLE_GATT_ERR_INVALID_OFFSET\000"
 1702      455F4741 
ARM GAS  C:\Users\leander\AppData\Local\Temp\ccMTAbde.s 			page 42


 1702      54545F45 
 1702      52525F49 
 1702      4E56414C 
 1703              	.LASF154:
 1704 113f 53746163 		.ascii	"StackEventHandler\000"
 1704      6B457665 
 1704      6E744861 
 1704      6E646C65 
 1704      7200
 1705              	.LASF95:
 1706 1151 4359424C 		.ascii	"CYBLE_ERROR_MIC_AUTH_FAILED\000"
 1706      455F4552 
 1706      524F525F 
 1706      4D49435F 
 1706      41555448 
 1707              	.LASF88:
 1708 116d 4359424C 		.ascii	"CYBLE_ERROR_L2CAP_PSM_NOT_REGISTERED\000"
 1708      455F4552 
 1708      524F525F 
 1708      4C324341 
 1708      505F5053 
 1709              	.LASF157:
 1710 1192 4379426C 		.ascii	"CyBle_GattsWriteRsp\000"
 1710      655F4761 
 1710      74747357 
 1710      72697465 
 1710      52737000 
 1711              	.LASF43:
 1712 11a6 4359424C 		.ascii	"CYBLE_EVT_GATTC_FIND_BY_TYPE_VALUE_RSP\000"
 1712      455F4556 
 1712      545F4741 
 1712      5454435F 
 1712      46494E44 
 1713              	.LASF82:
 1714 11cd 4359424C 		.ascii	"CYBLE_ERROR_GAP_ROLE\000"
 1714      455F4552 
 1714      524F525F 
 1714      4741505F 
 1714      524F4C45 
 1715              	.LASF34:
 1716 11e2 4359424C 		.ascii	"CYBLE_EVT_GAP_KEYINFO_EXCHNGE_CMPLT\000"
 1716      455F4556 
 1716      545F4741 
 1716      505F4B45 
 1716      59494E46 
 1717              	.LASF140:
 1718 1206 62644861 		.ascii	"bdHandle\000"
 1718      6E646C65 
 1718      00
 1719              	.LASF60:
 1720 120f 4359424C 		.ascii	"CYBLE_EVT_L2CAP_CONN_PARAM_UPDATE_RSP\000"
 1720      455F4556 
 1720      545F4C32 
 1720      4341505F 
 1720      434F4E4E 
 1721              	.LASF155:
 1722 1235 6D61696E 		.ascii	"main\000"
ARM GAS  C:\Users\leander\AppData\Local\Temp\ccMTAbde.s 			page 43


 1722      00
 1723              	.LASF139:
 1724 123a 4359424C 		.ascii	"CYBLE_GATT_DB_ATTR_HANDLE_T\000"
 1724      455F4741 
 1724      54545F44 
 1724      425F4154 
 1724      54525F48 
 1725              	.LASF37:
 1726 1256 4359424C 		.ascii	"CYBLE_EVT_GATT_DISCONNECT_IND\000"
 1726      455F4556 
 1726      545F4741 
 1726      54545F44 
 1726      4953434F 
 1727              	.LASF92:
 1728 1274 4359424C 		.ascii	"CYBLE_ERROR_GATT_DB_INVALID_ATTR_HANDLE\000"
 1728      455F4552 
 1728      524F525F 
 1728      47415454 
 1728      5F44425F 
 1729              	.LASF81:
 1730 129c 4359424C 		.ascii	"CYBLE_ERROR_REPEATED_ATTEMPTS\000"
 1730      455F4552 
 1730      524F525F 
 1730      52455045 
 1730      41544544 
 1731              		.ident	"GCC: (GNU Tools for ARM Embedded Processors) 4.9.3 20150303 (release) [ARM/embedded-4_9-br
